17-08-2023  14:33:25.612 GetTopVehicle() - Error: File D:\ITS.CT-PH\IMGS\TTP CT-PH Lan 6\110823\20230811093252478_ANPR.jpg not found
17-08-2023  14:33:25.672 GetTopVehicle() - Error: File D:\ITS.CT-PH\IMGS\TTP CT-PH Lan 6\110823\20230811093247631_Plate.jpg not found
17-08-2023  14:33:25.672 GetTopVehicle() - Error: File D:\ITS.CT-PH\IMGS\TTP CT-PH Lan 6\110823\20230811093247631_ANPR.jpg not found
17-08-2023  14:33:25.738 GetTopVehicle() - Error: File D:\ITS.CT-PH\IMGS\TTP CT-PH Lan 1\110823\20230811093245112_Plate.jpg not found
17-08-2023  14:33:25.739 GetTopVehicle() - Error: File D:\ITS.CT-PH\IMGS\TTP CT-PH Lan 1\110823\20230811093245112_ANPR.jpg not found
17-08-2023  14:33:25.804 GetTopVehicle() - Error: File D:\ITS.CT-PH\IMGS\TTP CT-PH Lan 1\110823\20230811093242128_Plate.jpg not found
17-08-2023  14:33:25.805 GetTopVehicle() - Error: File D:\ITS.CT-PH\IMGS\TTP CT-PH Lan 1\110823\20230811093242128_ANPR.jpg not found
17-08-2023  14:33:25.865 GetTopVehicle() - Error: File D:\ITS.CT-PH\IMGS\TTP CT-PH Lan 1\110823\20230811093238957_Plate.jpg not found
17-08-2023  14:33:25.865 GetTopVehicle() - Error: File D:\ITS.CT-PH\IMGS\TTP CT-PH Lan 1\110823\20230811093238957_ANPR.jpg not found
17-08-2023  14:33:25.938 GetTopVehicle() - Error: File D:\ITS.CT-PH\IMGS\TTP CT-PH Lan 6\110823\20230811093221555_Plate.jpg not found
17-08-2023  14:33:25.938 GetTopVehicle() - Error: File D:\ITS.CT-PH\IMGS\TTP CT-PH Lan 6\110823\20230811093221555_ANPR.jpg not found
17-08-2023  14:33:26.003 GetTopVehicle() - Error: File D:\ITS.CT-PH\IMGS\TTP CT-PH Lan 6\110823\20230811093220774_Plate.jpg not found
17-08-2023  14:33:26.003 GetTopVehicle() - Error: File D:\ITS.CT-PH\IMGS\TTP CT-PH Lan 6\110823\20230811093220774_ANPR.jpg not found
17-08-2023  14:33:26.067 GetTopVehicle() - Error: File D:\ITS.CT-PH\IMGS\TTP CT-PH Lan 6\110823\20230811093202501_Plate.jpg not found
17-08-2023  14:33:26.067 GetTopVehicle() - Error: File D:\ITS.CT-PH\IMGS\TTP CT-PH Lan 6\110823\20230811093202501_ANPR.jpg not found
17-08-2023  14:33:26.130 GetTopVehicle() - Error: File D:\ITS.CT-PH\IMGS\TTP CT-PH Lan 6\110823\20230811093155002_Plate.jpg not found
17-08-2023  14:33:26.130 GetTopVehicle() - Error: File D:\ITS.CT-PH\IMGS\TTP CT-PH Lan 6\110823\20230811093155002_ANPR.jpg not found
17-08-2023  14:33:26.198 GetTopVehicle() - Error: File D:\ITS.CT-PH\IMGS\TTP CT-PH Lan 6\110823\20230811093152019_Plate.jpg not found
17-08-2023  14:33:26.199 GetTopVehicle() - Error: File D:\ITS.CT-PH\IMGS\TTP CT-PH Lan 6\110823\20230811093152019_ANPR.jpg not found
17-08-2023  14:33:26.266 GetTopVehicle() - Error: File D:\ITS.CT-PH\IMGS\TTP CT-PH Lan 6\110823\20230811093130797_Plate.jpg not found
17-08-2023  14:33:26.267 GetTopVehicle() - Error: File D:\ITS.CT-PH\IMGS\TTP CT-PH Lan 6\110823\20230811093130797_ANPR.jpg not found
17-08-2023  14:33:26.377 GetTopVehicle() - Error: File D:\ITS.CT-PH\IMGS\TTP CT-PH Lan 6\110823\20230811093114488_Plate.jpg not found
17-08-2023  14:33:26.377 GetTopVehicle() - Error: File D:\ITS.CT-PH\IMGS\TTP CT-PH Lan 6\110823\20230811093114488_ANPR.jpg not found
17-08-2023  14:33:26.448 GetTopVehicle() - Error: File  not found
17-08-2023  14:33:26.449 GetTopVehicle() - Error: File D:\ITS.CT-PH\IMGS\TTP CT-PH Lan 6\110823\20230811093111988_ANPR.jpg not found
17-08-2023  14:33:26.512 GetTopVehicle() - Error: File D:\ITS.CT-PH\IMGS\TTP CT-PH Lan 1\110823\20230811093110408_Plate.jpg not found
17-08-2023  14:33:26.512 GetTopVehicle() - Error: File D:\ITS.CT-PH\IMGS\TTP CT-PH Lan 1\110823\20230811093110408_ANPR.jpg not found
17-08-2023  14:33:26.604 GetTopVehicle() - Error: File D:\ITS.CT-PH\IMGS\TTP CT-PH Lan 6\110823\20230811093106221_Plate.jpg not found
17-08-2023  14:33:26.605 GetTopVehicle() - Error: File D:\ITS.CT-PH\IMGS\TTP CT-PH Lan 6\110823\20230811093106221_ANPR.jpg not found
17-08-2023  14:33:26.670 GetTopVehicle() - Error: File D:\ITS.CT-PH\IMGS\TTP CT-PH Lan 1\110823\20230811093102191_Plate.jpg not found
17-08-2023  14:33:26.671 GetTopVehicle() - Error: File D:\ITS.CT-PH\IMGS\TTP CT-PH Lan 1\110823\20230811093102191_ANPR.jpg not found
17-08-2023  14:33:26.739 GetTopVehicle() - Error: File D:\ITS.CT-PH\IMGS\TTP CT-PH Lan 6\110823\20230811093044441_Plate.jpg not found
17-08-2023  14:33:26.740 GetTopVehicle() - Error: File D:\ITS.CT-PH\IMGS\TTP CT-PH Lan 6\110823\20230811093044441_ANPR.jpg not found
17-08-2023  14:33:26.802 GetTopVehicle() - Error: File D:\ITS.CT-PH\IMGS\TTP CT-PH Lan 6\110823\20230811093027192_Plate.jpg not found
17-08-2023  14:33:26.803 GetTopVehicle() - Error: File D:\ITS.CT-PH\IMGS\TTP CT-PH Lan 6\110823\20230811093027192_ANPR.jpg not found
17-08-2023  14:33:26.878 GetTopVehicle() - Error: File D:\ITS.CT-PH\IMGS\TTP CT-PH Lan 1\110823\20230811093018116_Plate.jpg not found
17-08-2023  14:33:26.879 GetTopVehicle() - Error: File D:\ITS.CT-PH\IMGS\TTP CT-PH Lan 1\110823\20230811093018116_ANPR.jpg not found
17-08-2023  14:33:26.945 GetTopVehicle() - Error: File D:\ITS.CT-PH\IMGS\TTP CT-PH Lan 6\110823\20230811093018085_Plate.jpg not found
17-08-2023  14:33:26.945 GetTopVehicle() - Error: File D:\ITS.CT-PH\IMGS\TTP CT-PH Lan 6\110823\20230811093018085_ANPR.jpg not found
17-08-2023  14:33:27.029 GetTopVehicle() - Error: File D:\ITS.CT-PH\IMGS\TTP CT-PH Lan 1\110823\20230811093013327_Plate.jpg not found
17-08-2023  14:33:27.030 GetTopVehicle() - Error: File D:\ITS.CT-PH\IMGS\TTP CT-PH Lan 1\110823\20230811093013327_ANPR.jpg not found
17-08-2023  14:33:27.092 GetTopVehicle() - Error: File D:\ITS.CT-PH\IMGS\TTP CT-PH Lan 1\110823\20230811093011398_Plate.jpg not found
17-08-2023  14:33:27.092 GetTopVehicle() - Error: File D:\ITS.CT-PH\IMGS\TTP CT-PH Lan 1\110823\20230811093011398_ANPR.jpg not found
17-08-2023  14:33:27.167 GetTopVehicle() - Error: File D:\ITS.CT-PH\IMGS\TTP CT-PH Lan 1\110823\20230811093006805_Plate.jpg not found
17-08-2023  14:33:27.167 GetTopVehicle() - Error: File D:\ITS.CT-PH\IMGS\TTP CT-PH Lan 1\110823\20230811093006821_ANPR.jpg not found
17-08-2023  14:33:27.257 GetTopVehicle() - Error: File D:\ITS.CT-PH\IMGS\TTP CT-PH Lan 6\110823\20230811093004321_Plate.jpg not found
17-08-2023  14:33:27.257 GetTopVehicle() - Error: File D:\ITS.CT-PH\IMGS\TTP CT-PH Lan 6\110823\20230811093004321_ANPR.jpg not found
17-08-2023  14:33:27.322 GetTopVehicle() - Error: File  not found
17-08-2023  14:33:27.322 GetTopVehicle() - Error: File D:\ITS.CT-PH\IMGS\TTP CT-PH Lan 6\110823\20230811093003072_ANPR.jpg not found
17-08-2023  14:33:27.477 GetTopVehicle() - Error: File D:\ITS.CT-PH\IMGS\TTP CT-PH Lan 1\110823\20230811092957760_Plate.jpg not found
17-08-2023  14:33:27.477 GetTopVehicle() - Error: File D:\ITS.CT-PH\IMGS\TTP CT-PH Lan 1\110823\20230811092957760_ANPR.jpg not found
17-08-2023  14:33:27.576 GetTopVehicle() - Error: File D:\ITS.CT-PH\IMGS\TTP CT-PH Lan 6\110823\20230811092953652_Plate.jpg not found
17-08-2023  14:33:27.576 GetTopVehicle() - Error: File D:\ITS.CT-PH\IMGS\TTP CT-PH Lan 6\110823\20230811092953652_ANPR.jpg not found
17-08-2023  14:33:27.664 GetTopVehicle() - Error: File D:\ITS.CT-PH\IMGS\TTP CT-PH Lan 6\110823\20230811092951152_Plate.jpg not found
17-08-2023  14:33:27.664 GetTopVehicle() - Error: File D:\ITS.CT-PH\IMGS\TTP CT-PH Lan 6\110823\20230811092951152_ANPR.jpg not found
17-08-2023  14:33:27.729 GetTopVehicle() - Error: File D:\ITS.CT-PH\IMGS\TTP CT-PH Lan 1\110823\20230811092944915_Plate.jpg not found
17-08-2023  14:33:27.729 GetTopVehicle() - Error: File D:\ITS.CT-PH\IMGS\TTP CT-PH Lan 1\110823\20230811092944915_ANPR.jpg not found
17-08-2023  14:33:27.869 GetTopVehicle() - Error: File D:\ITS.CT-PH\IMGS\TTP CT-PH Lan 1\110823\20230811092936826_Plate.jpg not found
17-08-2023  14:33:27.869 GetTopVehicle() - Error: File D:\ITS.CT-PH\IMGS\TTP CT-PH Lan 1\110823\20230811092936826_ANPR.jpg not found
17-08-2023  14:33:27.962 GetTopVehicle() - Error: File D:\ITS.CT-PH\IMGS\TTP CT-PH Lan 1\110823\20230811092910167_Plate.jpg not found
17-08-2023  14:33:27.962 GetTopVehicle() - Error: File D:\ITS.CT-PH\IMGS\TTP CT-PH Lan 1\110823\20230811092910167_ANPR.jpg not found
17-08-2023  14:33:28.018 GetTopVehicle() - Error: File D:\ITS.CT-PH\IMGS\TTP CT-PH Lan 1\110823\20230811092900886_Plate.jpg not found
17-08-2023  14:33:28.018 GetTopVehicle() - Error: File D:\ITS.CT-PH\IMGS\TTP CT-PH Lan 1\110823\20230811092900886_ANPR.jpg not found
17-08-2023  14:33:28.086 GetTopVehicle() - Error: File D:\ITS.CT-PH\IMGS\TTP CT-PH Lan 1\110823\20230811092855304_Plate.jpg not found
17-08-2023  14:33:28.087 GetTopVehicle() - Error: File D:\ITS.CT-PH\IMGS\TTP CT-PH Lan 1\110823\20230811092855304_ANPR.jpg not found
17-08-2023  14:33:28.146 GetTopVehicle() - Error: File D:\ITS.CT-PH\IMGS\TTP CT-PH Lan 1\110823\20230811092850789_Plate.jpg not found
17-08-2023  14:33:28.147 GetTopVehicle() - Error: File D:\ITS.CT-PH\IMGS\TTP CT-PH Lan 1\110823\20230811092850789_ANPR.jpg not found
17-08-2023  14:33:28.208 GetTopVehicle() - Error: File D:\ITS.CT-PH\IMGS\TTP CT-PH Lan 6\110823\20230811092848992_Plate.jpg not found
17-08-2023  14:33:28.209 GetTopVehicle() - Error: File D:\ITS.CT-PH\IMGS\TTP CT-PH Lan 6\110823\20230811092848992_ANPR.jpg not found
17-08-2023  14:33:28.281 GetTopVehicle() - Error: File D:\ITS.CT-PH\IMGS\TTP CT-PH Lan 1\110823\20230811092848367_Plate.jpg not found
17-08-2023  14:33:28.282 GetTopVehicle() - Error: File D:\ITS.CT-PH\IMGS\TTP CT-PH Lan 1\110823\20230811092848367_ANPR.jpg not found
17-08-2023  14:33:28.349 GetTopVehicle() - Error: File D:\ITS.CT-PH\IMGS\TTP CT-PH Lan 1\110823\20230811092846868_Plate.jpg not found
17-08-2023  14:33:28.349 GetTopVehicle() - Error: File D:\ITS.CT-PH\IMGS\TTP CT-PH Lan 1\110823\20230811092846868_ANPR.jpg not found
17-08-2023  14:33:28.422 GetTopVehicle() - Error: File D:\ITS.CT-PH\IMGS\TTP CT-PH Lan 6\110823\20230811092844581_Plate.jpg not found
17-08-2023  14:33:28.423 GetTopVehicle() - Error: File D:\ITS.CT-PH\IMGS\TTP CT-PH Lan 6\110823\20230811092844581_ANPR.jpg not found
17-08-2023  14:33:28.487 GetTopVehicle() - Error: File D:\ITS.CT-PH\IMGS\TTP CT-PH Lan 6\110823\20230811092738047_Plate.jpg not found
17-08-2023  14:33:28.487 GetTopVehicle() - Error: File D:\ITS.CT-PH\IMGS\TTP CT-PH Lan 6\110823\20230811092738047_ANPR.jpg not found
17-08-2023  14:33:28.544 GetTopVehicle() - Error: File D:\ITS.CT-PH\IMGS\TTP CT-PH Lan 1\110823\20230811092718114_Plate.jpg not found
17-08-2023  14:33:28.545 GetTopVehicle() - Error: File D:\ITS.CT-PH\IMGS\TTP CT-PH Lan 1\110823\20230811092718114_ANPR.jpg not found
17-08-2023  14:33:28.604 GetTopVehicle() - Error: File D:\ITS.CT-PH\IMGS\TTP CT-PH Lan 1\110823\20230811092714060_Plate.jpg not found
17-08-2023  14:33:28.604 GetTopVehicle() - Error: File D:\ITS.CT-PH\IMGS\TTP CT-PH Lan 1\110823\20230811092714060_ANPR.jpg not found
17-08-2023  14:33:28.685 GetTopVehicle() - Error: File D:\ITS.CT-PH\IMGS\TTP CT-PH Lan 1\110823\20230811092708572_Plate.jpg not found
17-08-2023  14:33:28.685 GetTopVehicle() - Error: File D:\ITS.CT-PH\IMGS\TTP CT-PH Lan 1\110823\20230811092708572_ANPR.jpg not found
17-08-2023  14:33:28.781 GetTopVehicle() - Error: File D:\ITS.CT-PH\IMGS\TTP CT-PH Lan 6\110823\20230811092655802_ANPR.jpg not found
17-08-2023  14:33:28.862 GetTopVehicle() - Error: File D:\ITS.CT-PH\IMGS\TTP CT-PH Lan 1\110823\20230811092634558_Plate.jpg not found
17-08-2023  14:33:28.863 GetTopVehicle() - Error: File D:\ITS.CT-PH\IMGS\TTP CT-PH Lan 1\110823\20230811092634558_ANPR.jpg not found
17-08-2023  14:33:28.925 GetTopVehicle() - Error: File D:\ITS.CT-PH\IMGS\TTP CT-PH Lan 6\110823\20230811092625199_Plate.jpg not found
17-08-2023  14:33:28.925 GetTopVehicle() - Error: File D:\ITS.CT-PH\IMGS\TTP CT-PH Lan 6\110823\20230811092625199_ANPR.jpg not found
17-08-2023  14:33:28.997 GetTopVehicle() - Error: File D:\ITS.CT-PH\IMGS\TTP CT-PH Lan 1\110823\20230811092621872_Plate.jpg not found
17-08-2023  14:33:28.997 GetTopVehicle() - Error: File D:\ITS.CT-PH\IMGS\TTP CT-PH Lan 1\110823\20230811092621872_ANPR.jpg not found
17-08-2023  14:33:29.068 GetTopVehicle() - Error: File  not found
17-08-2023  14:33:29.069 GetTopVehicle() - Error: File D:\ITS.CT-PH\IMGS\TTP CT-PH Lan 6\110823\20230811092621794_ANPR.jpg not found
17-08-2023  14:33:29.133 GetTopVehicle() - Error: File D:\ITS.CT-PH\IMGS\TTP CT-PH Lan 6\110823\20230811092619623_Plate.jpg not found
17-08-2023  14:33:29.134 GetTopVehicle() - Error: File D:\ITS.CT-PH\IMGS\TTP CT-PH Lan 6\110823\20230811092619623_ANPR.jpg not found
17-08-2023  14:33:29.201 GetTopVehicle() - Error: File D:\ITS.CT-PH\IMGS\TTP CT-PH Lan 1\110823\20230811092617498_Plate.jpg not found
17-08-2023  14:33:29.201 GetTopVehicle() - Error: File D:\ITS.CT-PH\IMGS\TTP CT-PH Lan 1\110823\20230811092617498_ANPR.jpg not found
17-08-2023  14:33:29.288 GetTopVehicle() - Error: File D:\ITS.CT-PH\IMGS\TTP CT-PH Lan 1\110823\20230811092617076_Plate.jpg not found
17-08-2023  14:33:29.289 GetTopVehicle() - Error: File D:\ITS.CT-PH\IMGS\TTP CT-PH Lan 1\110823\20230811092617076_ANPR.jpg not found
17-08-2023  14:37:04.451 GetTopVehicle() - Error: File D:\ITS.CT-PH\IMGS\TTP CT-PH Lan 6\110823\20230811093252478_ANPR.jpg not found
17-08-2023  14:37:04.508 GetTopVehicle() - Error: File D:\ITS.CT-PH\IMGS\TTP CT-PH Lan 6\110823\20230811093247631_Plate.jpg not found
17-08-2023  14:37:04.508 GetTopVehicle() - Error: File D:\ITS.CT-PH\IMGS\TTP CT-PH Lan 6\110823\20230811093247631_ANPR.jpg not found
17-08-2023  14:37:04.575 GetTopVehicle() - Error: File D:\ITS.CT-PH\IMGS\TTP CT-PH Lan 1\110823\20230811093245112_Plate.jpg not found
17-08-2023  14:37:04.575 GetTopVehicle() - Error: File D:\ITS.CT-PH\IMGS\TTP CT-PH Lan 1\110823\20230811093245112_ANPR.jpg not found
17-08-2023  14:37:04.650 GetTopVehicle() - Error: File D:\ITS.CT-PH\IMGS\TTP CT-PH Lan 1\110823\20230811093242128_Plate.jpg not found
17-08-2023  14:37:04.650 GetTopVehicle() - Error: File D:\ITS.CT-PH\IMGS\TTP CT-PH Lan 1\110823\20230811093242128_ANPR.jpg not found
17-08-2023  14:37:04.717 GetTopVehicle() - Error: File D:\ITS.CT-PH\IMGS\TTP CT-PH Lan 1\110823\20230811093238957_Plate.jpg not found
17-08-2023  14:37:04.718 GetTopVehicle() - Error: File D:\ITS.CT-PH\IMGS\TTP CT-PH Lan 1\110823\20230811093238957_ANPR.jpg not found
17-08-2023  14:37:04.814 GetTopVehicle() - Error: File D:\ITS.CT-PH\IMGS\TTP CT-PH Lan 6\110823\20230811093221555_Plate.jpg not found
17-08-2023  14:37:04.815 GetTopVehicle() - Error: File D:\ITS.CT-PH\IMGS\TTP CT-PH Lan 6\110823\20230811093221555_ANPR.jpg not found
17-08-2023  14:37:04.889 GetTopVehicle() - Error: File D:\ITS.CT-PH\IMGS\TTP CT-PH Lan 6\110823\20230811093220774_Plate.jpg not found
17-08-2023  14:37:04.889 GetTopVehicle() - Error: File D:\ITS.CT-PH\IMGS\TTP CT-PH Lan 6\110823\20230811093220774_ANPR.jpg not found
17-08-2023  14:37:04.958 GetTopVehicle() - Error: File D:\ITS.CT-PH\IMGS\TTP CT-PH Lan 6\110823\20230811093202501_Plate.jpg not found
17-08-2023  14:37:04.959 GetTopVehicle() - Error: File D:\ITS.CT-PH\IMGS\TTP CT-PH Lan 6\110823\20230811093202501_ANPR.jpg not found
17-08-2023  14:37:05.025 GetTopVehicle() - Error: File D:\ITS.CT-PH\IMGS\TTP CT-PH Lan 6\110823\20230811093155002_Plate.jpg not found
17-08-2023  14:37:05.026 GetTopVehicle() - Error: File D:\ITS.CT-PH\IMGS\TTP CT-PH Lan 6\110823\20230811093155002_ANPR.jpg not found
17-08-2023  14:37:05.086 GetTopVehicle() - Error: File D:\ITS.CT-PH\IMGS\TTP CT-PH Lan 6\110823\20230811093152019_Plate.jpg not found
17-08-2023  14:37:05.086 GetTopVehicle() - Error: File D:\ITS.CT-PH\IMGS\TTP CT-PH Lan 6\110823\20230811093152019_ANPR.jpg not found
17-08-2023  14:37:05.144 GetTopVehicle() - Error: File D:\ITS.CT-PH\IMGS\TTP CT-PH Lan 6\110823\20230811093130797_Plate.jpg not found
17-08-2023  14:37:05.145 GetTopVehicle() - Error: File D:\ITS.CT-PH\IMGS\TTP CT-PH Lan 6\110823\20230811093130797_ANPR.jpg not found
17-08-2023  14:37:05.217 GetTopVehicle() - Error: File D:\ITS.CT-PH\IMGS\TTP CT-PH Lan 6\110823\20230811093114488_Plate.jpg not found
17-08-2023  14:37:05.217 GetTopVehicle() - Error: File D:\ITS.CT-PH\IMGS\TTP CT-PH Lan 6\110823\20230811093114488_ANPR.jpg not found
17-08-2023  14:37:05.312 GetTopVehicle() - Error: File  not found
17-08-2023  14:37:05.313 GetTopVehicle() - Error: File D:\ITS.CT-PH\IMGS\TTP CT-PH Lan 6\110823\20230811093111988_ANPR.jpg not found
17-08-2023  14:37:05.373 GetTopVehicle() - Error: File D:\ITS.CT-PH\IMGS\TTP CT-PH Lan 1\110823\20230811093110408_Plate.jpg not found
17-08-2023  14:37:05.374 GetTopVehicle() - Error: File D:\ITS.CT-PH\IMGS\TTP CT-PH Lan 1\110823\20230811093110408_ANPR.jpg not found
17-08-2023  14:37:05.432 GetTopVehicle() - Error: File D:\ITS.CT-PH\IMGS\TTP CT-PH Lan 6\110823\20230811093106221_Plate.jpg not found
17-08-2023  14:37:05.432 GetTopVehicle() - Error: File D:\ITS.CT-PH\IMGS\TTP CT-PH Lan 6\110823\20230811093106221_ANPR.jpg not found
17-08-2023  14:37:05.489 GetTopVehicle() - Error: File D:\ITS.CT-PH\IMGS\TTP CT-PH Lan 1\110823\20230811093102191_Plate.jpg not found
17-08-2023  14:37:05.490 GetTopVehicle() - Error: File D:\ITS.CT-PH\IMGS\TTP CT-PH Lan 1\110823\20230811093102191_ANPR.jpg not found
17-08-2023  14:37:05.552 GetTopVehicle() - Error: File D:\ITS.CT-PH\IMGS\TTP CT-PH Lan 6\110823\20230811093044441_Plate.jpg not found
17-08-2023  14:37:05.552 GetTopVehicle() - Error: File D:\ITS.CT-PH\IMGS\TTP CT-PH Lan 6\110823\20230811093044441_ANPR.jpg not found
17-08-2023  14:37:05.618 GetTopVehicle() - Error: File D:\ITS.CT-PH\IMGS\TTP CT-PH Lan 6\110823\20230811093027192_Plate.jpg not found
17-08-2023  14:37:05.618 GetTopVehicle() - Error: File D:\ITS.CT-PH\IMGS\TTP CT-PH Lan 6\110823\20230811093027192_ANPR.jpg not found
17-08-2023  14:37:05.679 GetTopVehicle() - Error: File D:\ITS.CT-PH\IMGS\TTP CT-PH Lan 1\110823\20230811093018116_Plate.jpg not found
17-08-2023  14:37:05.679 GetTopVehicle() - Error: File D:\ITS.CT-PH\IMGS\TTP CT-PH Lan 1\110823\20230811093018116_ANPR.jpg not found
17-08-2023  14:37:05.740 GetTopVehicle() - Error: File D:\ITS.CT-PH\IMGS\TTP CT-PH Lan 6\110823\20230811093018085_Plate.jpg not found
17-08-2023  14:37:05.740 GetTopVehicle() - Error: File D:\ITS.CT-PH\IMGS\TTP CT-PH Lan 6\110823\20230811093018085_ANPR.jpg not found
17-08-2023  14:37:05.799 GetTopVehicle() - Error: File D:\ITS.CT-PH\IMGS\TTP CT-PH Lan 1\110823\20230811093013327_Plate.jpg not found
17-08-2023  14:37:05.800 GetTopVehicle() - Error: File D:\ITS.CT-PH\IMGS\TTP CT-PH Lan 1\110823\20230811093013327_ANPR.jpg not found
17-08-2023  14:37:05.873 GetTopVehicle() - Error: File D:\ITS.CT-PH\IMGS\TTP CT-PH Lan 1\110823\20230811093011398_Plate.jpg not found
17-08-2023  14:37:05.874 GetTopVehicle() - Error: File D:\ITS.CT-PH\IMGS\TTP CT-PH Lan 1\110823\20230811093011398_ANPR.jpg not found
17-08-2023  14:37:05.935 GetTopVehicle() - Error: File D:\ITS.CT-PH\IMGS\TTP CT-PH Lan 1\110823\20230811093006805_Plate.jpg not found
17-08-2023  14:37:05.935 GetTopVehicle() - Error: File D:\ITS.CT-PH\IMGS\TTP CT-PH Lan 1\110823\20230811093006821_ANPR.jpg not found
17-08-2023  14:37:06.001 GetTopVehicle() - Error: File D:\ITS.CT-PH\IMGS\TTP CT-PH Lan 6\110823\20230811093004321_Plate.jpg not found
17-08-2023  14:37:06.002 GetTopVehicle() - Error: File D:\ITS.CT-PH\IMGS\TTP CT-PH Lan 6\110823\20230811093004321_ANPR.jpg not found
17-08-2023  14:37:06.062 GetTopVehicle() - Error: File  not found
17-08-2023  14:37:06.062 GetTopVehicle() - Error: File D:\ITS.CT-PH\IMGS\TTP CT-PH Lan 6\110823\20230811093003072_ANPR.jpg not found
17-08-2023  14:37:06.123 GetTopVehicle() - Error: File D:\ITS.CT-PH\IMGS\TTP CT-PH Lan 1\110823\20230811092957760_Plate.jpg not found
17-08-2023  14:37:06.123 GetTopVehicle() - Error: File D:\ITS.CT-PH\IMGS\TTP CT-PH Lan 1\110823\20230811092957760_ANPR.jpg not found
17-08-2023  14:37:06.181 GetTopVehicle() - Error: File D:\ITS.CT-PH\IMGS\TTP CT-PH Lan 6\110823\20230811092953652_Plate.jpg not found
17-08-2023  14:37:06.181 GetTopVehicle() - Error: File D:\ITS.CT-PH\IMGS\TTP CT-PH Lan 6\110823\20230811092953652_ANPR.jpg not found
17-08-2023  14:37:06.250 GetTopVehicle() - Error: File D:\ITS.CT-PH\IMGS\TTP CT-PH Lan 6\110823\20230811092951152_Plate.jpg not found
17-08-2023  14:37:06.250 GetTopVehicle() - Error: File D:\ITS.CT-PH\IMGS\TTP CT-PH Lan 6\110823\20230811092951152_ANPR.jpg not found
17-08-2023  14:37:06.346 GetTopVehicle() - Error: File D:\ITS.CT-PH\IMGS\TTP CT-PH Lan 1\110823\20230811092944915_Plate.jpg not found
17-08-2023  14:37:06.346 GetTopVehicle() - Error: File D:\ITS.CT-PH\IMGS\TTP CT-PH Lan 1\110823\20230811092944915_ANPR.jpg not found
17-08-2023  14:37:06.429 GetTopVehicle() - Error: File D:\ITS.CT-PH\IMGS\TTP CT-PH Lan 1\110823\20230811092936826_Plate.jpg not found
17-08-2023  14:37:06.430 GetTopVehicle() - Error: File D:\ITS.CT-PH\IMGS\TTP CT-PH Lan 1\110823\20230811092936826_ANPR.jpg not found
17-08-2023  14:37:06.503 GetTopVehicle() - Error: File D:\ITS.CT-PH\IMGS\TTP CT-PH Lan 1\110823\20230811092910167_Plate.jpg not found
17-08-2023  14:37:06.503 GetTopVehicle() - Error: File D:\ITS.CT-PH\IMGS\TTP CT-PH Lan 1\110823\20230811092910167_ANPR.jpg not found
17-08-2023  14:37:06.563 GetTopVehicle() - Error: File D:\ITS.CT-PH\IMGS\TTP CT-PH Lan 1\110823\20230811092900886_Plate.jpg not found
17-08-2023  14:37:06.564 GetTopVehicle() - Error: File D:\ITS.CT-PH\IMGS\TTP CT-PH Lan 1\110823\20230811092900886_ANPR.jpg not found
17-08-2023  14:37:06.629 GetTopVehicle() - Error: File D:\ITS.CT-PH\IMGS\TTP CT-PH Lan 1\110823\20230811092855304_Plate.jpg not found
17-08-2023  14:37:06.629 GetTopVehicle() - Error: File D:\ITS.CT-PH\IMGS\TTP CT-PH Lan 1\110823\20230811092855304_ANPR.jpg not found
17-08-2023  14:37:06.688 GetTopVehicle() - Error: File D:\ITS.CT-PH\IMGS\TTP CT-PH Lan 1\110823\20230811092850789_Plate.jpg not found
17-08-2023  14:37:06.688 GetTopVehicle() - Error: File D:\ITS.CT-PH\IMGS\TTP CT-PH Lan 1\110823\20230811092850789_ANPR.jpg not found
17-08-2023  14:37:06.750 GetTopVehicle() - Error: File D:\ITS.CT-PH\IMGS\TTP CT-PH Lan 6\110823\20230811092848992_Plate.jpg not found
17-08-2023  14:37:06.750 GetTopVehicle() - Error: File D:\ITS.CT-PH\IMGS\TTP CT-PH Lan 6\110823\20230811092848992_ANPR.jpg not found
17-08-2023  14:37:06.805 GetTopVehicle() - Error: File D:\ITS.CT-PH\IMGS\TTP CT-PH Lan 1\110823\20230811092848367_Plate.jpg not found
17-08-2023  14:37:06.806 GetTopVehicle() - Error: File D:\ITS.CT-PH\IMGS\TTP CT-PH Lan 1\110823\20230811092848367_ANPR.jpg not found
17-08-2023  14:37:06.862 GetTopVehicle() - Error: File D:\ITS.CT-PH\IMGS\TTP CT-PH Lan 1\110823\20230811092846868_Plate.jpg not found
17-08-2023  14:37:06.862 GetTopVehicle() - Error: File D:\ITS.CT-PH\IMGS\TTP CT-PH Lan 1\110823\20230811092846868_ANPR.jpg not found
17-08-2023  14:37:06.926 GetTopVehicle() - Error: File D:\ITS.CT-PH\IMGS\TTP CT-PH Lan 6\110823\20230811092844581_Plate.jpg not found
17-08-2023  14:37:06.927 GetTopVehicle() - Error: File D:\ITS.CT-PH\IMGS\TTP CT-PH Lan 6\110823\20230811092844581_ANPR.jpg not found
17-08-2023  14:37:06.987 GetTopVehicle() - Error: File D:\ITS.CT-PH\IMGS\TTP CT-PH Lan 6\110823\20230811092738047_Plate.jpg not found
17-08-2023  14:37:06.987 GetTopVehicle() - Error: File D:\ITS.CT-PH\IMGS\TTP CT-PH Lan 6\110823\20230811092738047_ANPR.jpg not found
17-08-2023  14:37:07.064 GetTopVehicle() - Error: File D:\ITS.CT-PH\IMGS\TTP CT-PH Lan 1\110823\20230811092718114_Plate.jpg not found
17-08-2023  14:37:07.064 GetTopVehicle() - Error: File D:\ITS.CT-PH\IMGS\TTP CT-PH Lan 1\110823\20230811092718114_ANPR.jpg not found
17-08-2023  14:37:07.124 GetTopVehicle() - Error: File D:\ITS.CT-PH\IMGS\TTP CT-PH Lan 1\110823\20230811092714060_Plate.jpg not found
17-08-2023  14:37:07.125 GetTopVehicle() - Error: File D:\ITS.CT-PH\IMGS\TTP CT-PH Lan 1\110823\20230811092714060_ANPR.jpg not found
17-08-2023  14:37:07.184 GetTopVehicle() - Error: File D:\ITS.CT-PH\IMGS\TTP CT-PH Lan 1\110823\20230811092708572_Plate.jpg not found
17-08-2023  14:37:07.185 GetTopVehicle() - Error: File D:\ITS.CT-PH\IMGS\TTP CT-PH Lan 1\110823\20230811092708572_ANPR.jpg not found
17-08-2023  14:37:07.262 GetTopVehicle() - Error: File D:\ITS.CT-PH\IMGS\TTP CT-PH Lan 6\110823\20230811092655802_ANPR.jpg not found
17-08-2023  14:37:07.351 GetTopVehicle() - Error: File D:\ITS.CT-PH\IMGS\TTP CT-PH Lan 1\110823\20230811092634558_Plate.jpg not found
17-08-2023  14:37:07.351 GetTopVehicle() - Error: File D:\ITS.CT-PH\IMGS\TTP CT-PH Lan 1\110823\20230811092634558_ANPR.jpg not found
17-08-2023  14:37:07.415 GetTopVehicle() - Error: File D:\ITS.CT-PH\IMGS\TTP CT-PH Lan 6\110823\20230811092625199_Plate.jpg not found
17-08-2023  14:37:07.415 GetTopVehicle() - Error: File D:\ITS.CT-PH\IMGS\TTP CT-PH Lan 6\110823\20230811092625199_ANPR.jpg not found
17-08-2023  14:37:07.477 GetTopVehicle() - Error: File D:\ITS.CT-PH\IMGS\TTP CT-PH Lan 1\110823\20230811092621872_Plate.jpg not found
17-08-2023  14:37:07.478 GetTopVehicle() - Error: File D:\ITS.CT-PH\IMGS\TTP CT-PH Lan 1\110823\20230811092621872_ANPR.jpg not found
17-08-2023  14:37:07.555 GetTopVehicle() - Error: File  not found
17-08-2023  14:37:07.556 GetTopVehicle() - Error: File D:\ITS.CT-PH\IMGS\TTP CT-PH Lan 6\110823\20230811092621794_ANPR.jpg not found
17-08-2023  14:37:07.642 GetTopVehicle() - Error: File D:\ITS.CT-PH\IMGS\TTP CT-PH Lan 6\110823\20230811092619623_Plate.jpg not found
17-08-2023  14:37:07.643 GetTopVehicle() - Error: File D:\ITS.CT-PH\IMGS\TTP CT-PH Lan 6\110823\20230811092619623_ANPR.jpg not found
17-08-2023  14:37:07.701 GetTopVehicle() - Error: File D:\ITS.CT-PH\IMGS\TTP CT-PH Lan 1\110823\20230811092617498_Plate.jpg not found
17-08-2023  14:37:07.701 GetTopVehicle() - Error: File D:\ITS.CT-PH\IMGS\TTP CT-PH Lan 1\110823\20230811092617498_ANPR.jpg not found
17-08-2023  14:37:07.785 GetTopVehicle() - Error: File D:\ITS.CT-PH\IMGS\TTP CT-PH Lan 1\110823\20230811092617076_Plate.jpg not found
17-08-2023  14:37:07.785 GetTopVehicle() - Error: File D:\ITS.CT-PH\IMGS\TTP CT-PH Lan 1\110823\20230811092617076_ANPR.jpg not found
17-08-2023  14:39:22.496 GetTopVehicle() - Error: File D:\ITS.CT-PH\IMGS\TTP CT-PH Lan 6\110823\20230811093252478_ANPR.jpg not found
17-08-2023  14:39:22.557 GetTopVehicle() - Error: File D:\ITS.CT-PH\IMGS\TTP CT-PH Lan 6\110823\20230811093247631_Plate.jpg not found
17-08-2023  14:39:22.558 GetTopVehicle() - Error: File D:\ITS.CT-PH\IMGS\TTP CT-PH Lan 6\110823\20230811093247631_ANPR.jpg not found
17-08-2023  14:39:22.627 GetTopVehicle() - Error: File D:\ITS.CT-PH\IMGS\TTP CT-PH Lan 1\110823\20230811093245112_Plate.jpg not found
17-08-2023  14:39:22.627 GetTopVehicle() - Error: File D:\ITS.CT-PH\IMGS\TTP CT-PH Lan 1\110823\20230811093245112_ANPR.jpg not found
17-08-2023  14:39:22.711 GetTopVehicle() - Error: File D:\ITS.CT-PH\IMGS\TTP CT-PH Lan 1\110823\20230811093242128_Plate.jpg not found
17-08-2023  14:39:22.711 GetTopVehicle() - Error: File D:\ITS.CT-PH\IMGS\TTP CT-PH Lan 1\110823\20230811093242128_ANPR.jpg not found
17-08-2023  14:39:22.786 GetTopVehicle() - Error: File D:\ITS.CT-PH\IMGS\TTP CT-PH Lan 1\110823\20230811093238957_Plate.jpg not found
17-08-2023  14:39:22.786 GetTopVehicle() - Error: File D:\ITS.CT-PH\IMGS\TTP CT-PH Lan 1\110823\20230811093238957_ANPR.jpg not found
17-08-2023  14:39:22.850 GetTopVehicle() - Error: File D:\ITS.CT-PH\IMGS\TTP CT-PH Lan 6\110823\20230811093221555_Plate.jpg not found
17-08-2023  14:39:22.850 GetTopVehicle() - Error: File D:\ITS.CT-PH\IMGS\TTP CT-PH Lan 6\110823\20230811093221555_ANPR.jpg not found
17-08-2023  14:39:22.914 GetTopVehicle() - Error: File D:\ITS.CT-PH\IMGS\TTP CT-PH Lan 6\110823\20230811093220774_Plate.jpg not found
17-08-2023  14:39:22.915 GetTopVehicle() - Error: File D:\ITS.CT-PH\IMGS\TTP CT-PH Lan 6\110823\20230811093220774_ANPR.jpg not found
17-08-2023  14:39:22.974 GetTopVehicle() - Error: File D:\ITS.CT-PH\IMGS\TTP CT-PH Lan 6\110823\20230811093202501_Plate.jpg not found
17-08-2023  14:39:22.974 GetTopVehicle() - Error: File D:\ITS.CT-PH\IMGS\TTP CT-PH Lan 6\110823\20230811093202501_ANPR.jpg not found
17-08-2023  14:39:23.034 GetTopVehicle() - Error: File D:\ITS.CT-PH\IMGS\TTP CT-PH Lan 6\110823\20230811093155002_Plate.jpg not found
17-08-2023  14:39:23.034 GetTopVehicle() - Error: File D:\ITS.CT-PH\IMGS\TTP CT-PH Lan 6\110823\20230811093155002_ANPR.jpg not found
17-08-2023  14:39:23.094 GetTopVehicle() - Error: File D:\ITS.CT-PH\IMGS\TTP CT-PH Lan 6\110823\20230811093152019_Plate.jpg not found
17-08-2023  14:39:23.094 GetTopVehicle() - Error: File D:\ITS.CT-PH\IMGS\TTP CT-PH Lan 6\110823\20230811093152019_ANPR.jpg not found
17-08-2023  14:39:23.183 GetTopVehicle() - Error: File D:\ITS.CT-PH\IMGS\TTP CT-PH Lan 6\110823\20230811093130797_Plate.jpg not found
17-08-2023  14:39:23.183 GetTopVehicle() - Error: File D:\ITS.CT-PH\IMGS\TTP CT-PH Lan 6\110823\20230811093130797_ANPR.jpg not found
17-08-2023  14:39:23.275 GetTopVehicle() - Error: File D:\ITS.CT-PH\IMGS\TTP CT-PH Lan 6\110823\20230811093114488_Plate.jpg not found
17-08-2023  14:39:23.276 GetTopVehicle() - Error: File D:\ITS.CT-PH\IMGS\TTP CT-PH Lan 6\110823\20230811093114488_ANPR.jpg not found
17-08-2023  14:39:23.365 GetTopVehicle() - Error: File  not found
17-08-2023  14:39:23.365 GetTopVehicle() - Error: File D:\ITS.CT-PH\IMGS\TTP CT-PH Lan 6\110823\20230811093111988_ANPR.jpg not found
17-08-2023  14:39:23.436 GetTopVehicle() - Error: File D:\ITS.CT-PH\IMGS\TTP CT-PH Lan 1\110823\20230811093110408_Plate.jpg not found
17-08-2023  14:39:23.437 GetTopVehicle() - Error: File D:\ITS.CT-PH\IMGS\TTP CT-PH Lan 1\110823\20230811093110408_ANPR.jpg not found
17-08-2023  14:39:23.521 GetTopVehicle() - Error: File D:\ITS.CT-PH\IMGS\TTP CT-PH Lan 6\110823\20230811093106221_Plate.jpg not found
17-08-2023  14:39:23.521 GetTopVehicle() - Error: File D:\ITS.CT-PH\IMGS\TTP CT-PH Lan 6\110823\20230811093106221_ANPR.jpg not found
17-08-2023  14:39:23.587 GetTopVehicle() - Error: File D:\ITS.CT-PH\IMGS\TTP CT-PH Lan 1\110823\20230811093102191_Plate.jpg not found
17-08-2023  14:39:23.587 GetTopVehicle() - Error: File D:\ITS.CT-PH\IMGS\TTP CT-PH Lan 1\110823\20230811093102191_ANPR.jpg not found
17-08-2023  14:39:23.664 GetTopVehicle() - Error: File D:\ITS.CT-PH\IMGS\TTP CT-PH Lan 6\110823\20230811093044441_Plate.jpg not found
17-08-2023  14:39:23.664 GetTopVehicle() - Error: File D:\ITS.CT-PH\IMGS\TTP CT-PH Lan 6\110823\20230811093044441_ANPR.jpg not found
17-08-2023  14:39:23.748 GetTopVehicle() - Error: File D:\ITS.CT-PH\IMGS\TTP CT-PH Lan 6\110823\20230811093027192_Plate.jpg not found
17-08-2023  14:39:23.749 GetTopVehicle() - Error: File D:\ITS.CT-PH\IMGS\TTP CT-PH Lan 6\110823\20230811093027192_ANPR.jpg not found
17-08-2023  14:39:23.816 GetTopVehicle() - Error: File D:\ITS.CT-PH\IMGS\TTP CT-PH Lan 1\110823\20230811093018116_Plate.jpg not found
17-08-2023  14:39:23.816 GetTopVehicle() - Error: File D:\ITS.CT-PH\IMGS\TTP CT-PH Lan 1\110823\20230811093018116_ANPR.jpg not found
17-08-2023  14:39:23.877 GetTopVehicle() - Error: File D:\ITS.CT-PH\IMGS\TTP CT-PH Lan 6\110823\20230811093018085_Plate.jpg not found
17-08-2023  14:39:23.877 GetTopVehicle() - Error: File D:\ITS.CT-PH\IMGS\TTP CT-PH Lan 6\110823\20230811093018085_ANPR.jpg not found
17-08-2023  14:39:23.937 GetTopVehicle() - Error: File D:\ITS.CT-PH\IMGS\TTP CT-PH Lan 1\110823\20230811093013327_Plate.jpg not found
17-08-2023  14:39:23.937 GetTopVehicle() - Error: File D:\ITS.CT-PH\IMGS\TTP CT-PH Lan 1\110823\20230811093013327_ANPR.jpg not found
17-08-2023  14:39:24.000 GetTopVehicle() - Error: File D:\ITS.CT-PH\IMGS\TTP CT-PH Lan 1\110823\20230811093011398_Plate.jpg not found
17-08-2023  14:39:24.000 GetTopVehicle() - Error: File D:\ITS.CT-PH\IMGS\TTP CT-PH Lan 1\110823\20230811093011398_ANPR.jpg not found
17-08-2023  14:39:24.056 GetTopVehicle() - Error: File D:\ITS.CT-PH\IMGS\TTP CT-PH Lan 1\110823\20230811093006805_Plate.jpg not found
17-08-2023  14:39:24.057 GetTopVehicle() - Error: File D:\ITS.CT-PH\IMGS\TTP CT-PH Lan 1\110823\20230811093006821_ANPR.jpg not found
17-08-2023  14:39:24.138 GetTopVehicle() - Error: File D:\ITS.CT-PH\IMGS\TTP CT-PH Lan 6\110823\20230811093004321_Plate.jpg not found
17-08-2023  14:39:24.138 GetTopVehicle() - Error: File D:\ITS.CT-PH\IMGS\TTP CT-PH Lan 6\110823\20230811093004321_ANPR.jpg not found
17-08-2023  14:39:24.214 GetTopVehicle() - Error: File  not found
17-08-2023  14:39:24.215 GetTopVehicle() - Error: File D:\ITS.CT-PH\IMGS\TTP CT-PH Lan 6\110823\20230811093003072_ANPR.jpg not found
17-08-2023  14:39:24.307 GetTopVehicle() - Error: File D:\ITS.CT-PH\IMGS\TTP CT-PH Lan 1\110823\20230811092957760_Plate.jpg not found
17-08-2023  14:39:24.307 GetTopVehicle() - Error: File D:\ITS.CT-PH\IMGS\TTP CT-PH Lan 1\110823\20230811092957760_ANPR.jpg not found
17-08-2023  14:39:24.373 GetTopVehicle() - Error: File D:\ITS.CT-PH\IMGS\TTP CT-PH Lan 6\110823\20230811092953652_Plate.jpg not found
17-08-2023  14:39:24.373 GetTopVehicle() - Error: File D:\ITS.CT-PH\IMGS\TTP CT-PH Lan 6\110823\20230811092953652_ANPR.jpg not found
17-08-2023  14:39:24.462 GetTopVehicle() - Error: File D:\ITS.CT-PH\IMGS\TTP CT-PH Lan 6\110823\20230811092951152_Plate.jpg not found
17-08-2023  14:39:24.462 GetTopVehicle() - Error: File D:\ITS.CT-PH\IMGS\TTP CT-PH Lan 6\110823\20230811092951152_ANPR.jpg not found
17-08-2023  14:39:24.521 GetTopVehicle() - Error: File D:\ITS.CT-PH\IMGS\TTP CT-PH Lan 1\110823\20230811092944915_Plate.jpg not found
17-08-2023  14:39:24.522 GetTopVehicle() - Error: File D:\ITS.CT-PH\IMGS\TTP CT-PH Lan 1\110823\20230811092944915_ANPR.jpg not found
17-08-2023  14:39:24.583 GetTopVehicle() - Error: File D:\ITS.CT-PH\IMGS\TTP CT-PH Lan 1\110823\20230811092936826_Plate.jpg not found
17-08-2023  14:39:24.583 GetTopVehicle() - Error: File D:\ITS.CT-PH\IMGS\TTP CT-PH Lan 1\110823\20230811092936826_ANPR.jpg not found
17-08-2023  14:39:24.643 GetTopVehicle() - Error: File D:\ITS.CT-PH\IMGS\TTP CT-PH Lan 1\110823\20230811092910167_Plate.jpg not found
17-08-2023  14:39:24.643 GetTopVehicle() - Error: File D:\ITS.CT-PH\IMGS\TTP CT-PH Lan 1\110823\20230811092910167_ANPR.jpg not found
17-08-2023  14:39:24.704 GetTopVehicle() - Error: File D:\ITS.CT-PH\IMGS\TTP CT-PH Lan 1\110823\20230811092900886_Plate.jpg not found
17-08-2023  14:39:24.705 GetTopVehicle() - Error: File D:\ITS.CT-PH\IMGS\TTP CT-PH Lan 1\110823\20230811092900886_ANPR.jpg not found
17-08-2023  14:39:24.768 GetTopVehicle() - Error: File D:\ITS.CT-PH\IMGS\TTP CT-PH Lan 1\110823\20230811092855304_Plate.jpg not found
17-08-2023  14:39:24.768 GetTopVehicle() - Error: File D:\ITS.CT-PH\IMGS\TTP CT-PH Lan 1\110823\20230811092855304_ANPR.jpg not found
17-08-2023  14:39:24.828 GetTopVehicle() - Error: File D:\ITS.CT-PH\IMGS\TTP CT-PH Lan 1\110823\20230811092850789_Plate.jpg not found
17-08-2023  14:39:24.829 GetTopVehicle() - Error: File D:\ITS.CT-PH\IMGS\TTP CT-PH Lan 1\110823\20230811092850789_ANPR.jpg not found
17-08-2023  14:39:24.906 GetTopVehicle() - Error: File D:\ITS.CT-PH\IMGS\TTP CT-PH Lan 6\110823\20230811092848992_Plate.jpg not found
17-08-2023  14:39:24.907 GetTopVehicle() - Error: File D:\ITS.CT-PH\IMGS\TTP CT-PH Lan 6\110823\20230811092848992_ANPR.jpg not found
17-08-2023  14:39:24.977 GetTopVehicle() - Error: File D:\ITS.CT-PH\IMGS\TTP CT-PH Lan 1\110823\20230811092848367_Plate.jpg not found
17-08-2023  14:39:24.977 GetTopVehicle() - Error: File D:\ITS.CT-PH\IMGS\TTP CT-PH Lan 1\110823\20230811092848367_ANPR.jpg not found
17-08-2023  14:39:25.038 GetTopVehicle() - Error: File D:\ITS.CT-PH\IMGS\TTP CT-PH Lan 1\110823\20230811092846868_Plate.jpg not found
17-08-2023  14:39:25.038 GetTopVehicle() - Error: File D:\ITS.CT-PH\IMGS\TTP CT-PH Lan 1\110823\20230811092846868_ANPR.jpg not found
17-08-2023  14:39:25.095 GetTopVehicle() - Error: File D:\ITS.CT-PH\IMGS\TTP CT-PH Lan 6\110823\20230811092844581_Plate.jpg not found
17-08-2023  14:39:25.096 GetTopVehicle() - Error: File D:\ITS.CT-PH\IMGS\TTP CT-PH Lan 6\110823\20230811092844581_ANPR.jpg not found
17-08-2023  14:39:25.161 GetTopVehicle() - Error: File D:\ITS.CT-PH\IMGS\TTP CT-PH Lan 6\110823\20230811092738047_Plate.jpg not found
17-08-2023  14:39:25.162 GetTopVehicle() - Error: File D:\ITS.CT-PH\IMGS\TTP CT-PH Lan 6\110823\20230811092738047_ANPR.jpg not found
17-08-2023  14:39:25.226 GetTopVehicle() - Error: File D:\ITS.CT-PH\IMGS\TTP CT-PH Lan 1\110823\20230811092718114_Plate.jpg not found
17-08-2023  14:39:25.226 GetTopVehicle() - Error: File D:\ITS.CT-PH\IMGS\TTP CT-PH Lan 1\110823\20230811092718114_ANPR.jpg not found
17-08-2023  14:39:25.293 GetTopVehicle() - Error: File D:\ITS.CT-PH\IMGS\TTP CT-PH Lan 1\110823\20230811092714060_Plate.jpg not found
17-08-2023  14:39:25.294 GetTopVehicle() - Error: File D:\ITS.CT-PH\IMGS\TTP CT-PH Lan 1\110823\20230811092714060_ANPR.jpg not found
17-08-2023  14:39:25.363 GetTopVehicle() - Error: File D:\ITS.CT-PH\IMGS\TTP CT-PH Lan 1\110823\20230811092708572_Plate.jpg not found
17-08-2023  14:39:25.364 GetTopVehicle() - Error: File D:\ITS.CT-PH\IMGS\TTP CT-PH Lan 1\110823\20230811092708572_ANPR.jpg not found
17-08-2023  14:39:25.482 GetTopVehicle() - Error: File D:\ITS.CT-PH\IMGS\TTP CT-PH Lan 6\110823\20230811092655802_ANPR.jpg not found
17-08-2023  14:39:25.551 GetTopVehicle() - Error: File D:\ITS.CT-PH\IMGS\TTP CT-PH Lan 1\110823\20230811092634558_Plate.jpg not found
17-08-2023  14:39:25.552 GetTopVehicle() - Error: File D:\ITS.CT-PH\IMGS\TTP CT-PH Lan 1\110823\20230811092634558_ANPR.jpg not found
17-08-2023  14:39:25.611 GetTopVehicle() - Error: File D:\ITS.CT-PH\IMGS\TTP CT-PH Lan 6\110823\20230811092625199_Plate.jpg not found
17-08-2023  14:39:25.611 GetTopVehicle() - Error: File D:\ITS.CT-PH\IMGS\TTP CT-PH Lan 6\110823\20230811092625199_ANPR.jpg not found
17-08-2023  14:39:25.669 GetTopVehicle() - Error: File D:\ITS.CT-PH\IMGS\TTP CT-PH Lan 1\110823\20230811092621872_Plate.jpg not found
17-08-2023  14:39:25.670 GetTopVehicle() - Error: File D:\ITS.CT-PH\IMGS\TTP CT-PH Lan 1\110823\20230811092621872_ANPR.jpg not found
17-08-2023  14:39:25.729 GetTopVehicle() - Error: File  not found
17-08-2023  14:39:25.729 GetTopVehicle() - Error: File D:\ITS.CT-PH\IMGS\TTP CT-PH Lan 6\110823\20230811092621794_ANPR.jpg not found
17-08-2023  14:39:25.830 GetTopVehicle() - Error: File D:\ITS.CT-PH\IMGS\TTP CT-PH Lan 6\110823\20230811092619623_Plate.jpg not found
17-08-2023  14:39:25.831 GetTopVehicle() - Error: File D:\ITS.CT-PH\IMGS\TTP CT-PH Lan 6\110823\20230811092619623_ANPR.jpg not found
17-08-2023  14:39:25.921 GetTopVehicle() - Error: File D:\ITS.CT-PH\IMGS\TTP CT-PH Lan 1\110823\20230811092617498_Plate.jpg not found
17-08-2023  14:39:25.921 GetTopVehicle() - Error: File D:\ITS.CT-PH\IMGS\TTP CT-PH Lan 1\110823\20230811092617498_ANPR.jpg not found
17-08-2023  14:39:26.003 GetTopVehicle() - Error: File D:\ITS.CT-PH\IMGS\TTP CT-PH Lan 1\110823\20230811092617076_Plate.jpg not found
17-08-2023  14:39:26.003 GetTopVehicle() - Error: File D:\ITS.CT-PH\IMGS\TTP CT-PH Lan 1\110823\20230811092617076_ANPR.jpg not found
17-08-2023  14:39:38.728 DashboardController.GetVehicleDetailsById()() - Error: File D:\ITS.CT-PH\IMGS\TTP CT-PH Lan 6\110823\20230811093247631_Plate.jpg not found!
17-08-2023  14:39:38.764 DashboardController.GetVehicleDetailsById()() - Error: File D:\ITS.CT-PH\IMGS\TTP CT-PH Lan 6\110823\20230811093247631_ANPR.jpg not found!
17-08-2023  14:42:30.478 GetTopVehicle() - Error: File D:\ITS.CT-PH\IMGS\TTP CT-PH Lan 6\110823\20230811093252478_ANPR.jpg not found
17-08-2023  14:42:30.546 GetTopVehicle() - Error: File D:\ITS.CT-PH\IMGS\TTP CT-PH Lan 6\110823\20230811093247631_Plate.jpg not found
17-08-2023  14:42:30.546 GetTopVehicle() - Error: File D:\ITS.CT-PH\IMGS\TTP CT-PH Lan 6\110823\20230811093247631_ANPR.jpg not found
17-08-2023  14:42:30.607 GetTopVehicle() - Error: File D:\ITS.CT-PH\IMGS\TTP CT-PH Lan 1\110823\20230811093245112_Plate.jpg not found
17-08-2023  14:42:30.607 GetTopVehicle() - Error: File D:\ITS.CT-PH\IMGS\TTP CT-PH Lan 1\110823\20230811093245112_ANPR.jpg not found
17-08-2023  14:42:30.669 GetTopVehicle() - Error: File D:\ITS.CT-PH\IMGS\TTP CT-PH Lan 1\110823\20230811093242128_Plate.jpg not found
17-08-2023  14:42:30.670 GetTopVehicle() - Error: File D:\ITS.CT-PH\IMGS\TTP CT-PH Lan 1\110823\20230811093242128_ANPR.jpg not found
17-08-2023  14:42:30.740 GetTopVehicle() - Error: File D:\ITS.CT-PH\IMGS\TTP CT-PH Lan 1\110823\20230811093238957_Plate.jpg not found
17-08-2023  14:42:30.740 GetTopVehicle() - Error: File D:\ITS.CT-PH\IMGS\TTP CT-PH Lan 1\110823\20230811093238957_ANPR.jpg not found
17-08-2023  14:42:30.815 GetTopVehicle() - Error: File D:\ITS.CT-PH\IMGS\TTP CT-PH Lan 6\110823\20230811093221555_Plate.jpg not found
17-08-2023  14:42:30.816 GetTopVehicle() - Error: File D:\ITS.CT-PH\IMGS\TTP CT-PH Lan 6\110823\20230811093221555_ANPR.jpg not found
17-08-2023  14:42:30.886 GetTopVehicle() - Error: File D:\ITS.CT-PH\IMGS\TTP CT-PH Lan 6\110823\20230811093220774_Plate.jpg not found
17-08-2023  14:42:30.887 GetTopVehicle() - Error: File D:\ITS.CT-PH\IMGS\TTP CT-PH Lan 6\110823\20230811093220774_ANPR.jpg not found
17-08-2023  14:42:30.956 GetTopVehicle() - Error: File D:\ITS.CT-PH\IMGS\TTP CT-PH Lan 6\110823\20230811093202501_Plate.jpg not found
17-08-2023  14:42:30.956 GetTopVehicle() - Error: File D:\ITS.CT-PH\IMGS\TTP CT-PH Lan 6\110823\20230811093202501_ANPR.jpg not found
17-08-2023  14:42:31.017 GetTopVehicle() - Error: File D:\ITS.CT-PH\IMGS\TTP CT-PH Lan 6\110823\20230811093155002_Plate.jpg not found
17-08-2023  14:42:31.018 GetTopVehicle() - Error: File D:\ITS.CT-PH\IMGS\TTP CT-PH Lan 6\110823\20230811093155002_ANPR.jpg not found
17-08-2023  14:42:31.078 GetTopVehicle() - Error: File D:\ITS.CT-PH\IMGS\TTP CT-PH Lan 6\110823\20230811093152019_Plate.jpg not found
17-08-2023  14:42:31.078 GetTopVehicle() - Error: File D:\ITS.CT-PH\IMGS\TTP CT-PH Lan 6\110823\20230811093152019_ANPR.jpg not found
17-08-2023  14:42:31.138 GetTopVehicle() - Error: File D:\ITS.CT-PH\IMGS\TTP CT-PH Lan 6\110823\20230811093130797_Plate.jpg not found
17-08-2023  14:42:31.138 GetTopVehicle() - Error: File D:\ITS.CT-PH\IMGS\TTP CT-PH Lan 6\110823\20230811093130797_ANPR.jpg not found
17-08-2023  14:42:31.210 GetTopVehicle() - Error: File D:\ITS.CT-PH\IMGS\TTP CT-PH Lan 6\110823\20230811093114488_Plate.jpg not found
17-08-2023  14:42:31.210 GetTopVehicle() - Error: File D:\ITS.CT-PH\IMGS\TTP CT-PH Lan 6\110823\20230811093114488_ANPR.jpg not found
17-08-2023  14:42:31.288 GetTopVehicle() - Error: File  not found
17-08-2023  14:42:31.288 GetTopVehicle() - Error: File D:\ITS.CT-PH\IMGS\TTP CT-PH Lan 6\110823\20230811093111988_ANPR.jpg not found
17-08-2023  14:42:31.366 GetTopVehicle() - Error: File D:\ITS.CT-PH\IMGS\TTP CT-PH Lan 1\110823\20230811093110408_Plate.jpg not found
17-08-2023  14:42:31.366 GetTopVehicle() - Error: File D:\ITS.CT-PH\IMGS\TTP CT-PH Lan 1\110823\20230811093110408_ANPR.jpg not found
17-08-2023  14:42:31.423 GetTopVehicle() - Error: File D:\ITS.CT-PH\IMGS\TTP CT-PH Lan 6\110823\20230811093106221_Plate.jpg not found
17-08-2023  14:42:31.424 GetTopVehicle() - Error: File D:\ITS.CT-PH\IMGS\TTP CT-PH Lan 6\110823\20230811093106221_ANPR.jpg not found
17-08-2023  14:42:31.490 GetTopVehicle() - Error: File D:\ITS.CT-PH\IMGS\TTP CT-PH Lan 1\110823\20230811093102191_Plate.jpg not found
17-08-2023  14:42:31.490 GetTopVehicle() - Error: File D:\ITS.CT-PH\IMGS\TTP CT-PH Lan 1\110823\20230811093102191_ANPR.jpg not found
17-08-2023  14:42:31.560 GetTopVehicle() - Error: File D:\ITS.CT-PH\IMGS\TTP CT-PH Lan 6\110823\20230811093044441_Plate.jpg not found
17-08-2023  14:42:31.560 GetTopVehicle() - Error: File D:\ITS.CT-PH\IMGS\TTP CT-PH Lan 6\110823\20230811093044441_ANPR.jpg not found
17-08-2023  14:42:31.621 GetTopVehicle() - Error: File D:\ITS.CT-PH\IMGS\TTP CT-PH Lan 6\110823\20230811093027192_Plate.jpg not found
17-08-2023  14:42:31.622 GetTopVehicle() - Error: File D:\ITS.CT-PH\IMGS\TTP CT-PH Lan 6\110823\20230811093027192_ANPR.jpg not found
17-08-2023  14:42:31.693 GetTopVehicle() - Error: File D:\ITS.CT-PH\IMGS\TTP CT-PH Lan 1\110823\20230811093018116_Plate.jpg not found
17-08-2023  14:42:31.694 GetTopVehicle() - Error: File D:\ITS.CT-PH\IMGS\TTP CT-PH Lan 1\110823\20230811093018116_ANPR.jpg not found
17-08-2023  14:42:31.775 GetTopVehicle() - Error: File D:\ITS.CT-PH\IMGS\TTP CT-PH Lan 6\110823\20230811093018085_Plate.jpg not found
17-08-2023  14:42:31.775 GetTopVehicle() - Error: File D:\ITS.CT-PH\IMGS\TTP CT-PH Lan 6\110823\20230811093018085_ANPR.jpg not found
17-08-2023  14:42:31.843 GetTopVehicle() - Error: File D:\ITS.CT-PH\IMGS\TTP CT-PH Lan 1\110823\20230811093013327_Plate.jpg not found
17-08-2023  14:42:31.843 GetTopVehicle() - Error: File D:\ITS.CT-PH\IMGS\TTP CT-PH Lan 1\110823\20230811093013327_ANPR.jpg not found
17-08-2023  14:42:31.908 GetTopVehicle() - Error: File D:\ITS.CT-PH\IMGS\TTP CT-PH Lan 1\110823\20230811093011398_Plate.jpg not found
17-08-2023  14:42:31.908 GetTopVehicle() - Error: File D:\ITS.CT-PH\IMGS\TTP CT-PH Lan 1\110823\20230811093011398_ANPR.jpg not found
17-08-2023  14:42:31.969 GetTopVehicle() - Error: File D:\ITS.CT-PH\IMGS\TTP CT-PH Lan 1\110823\20230811093006805_Plate.jpg not found
17-08-2023  14:42:31.969 GetTopVehicle() - Error: File D:\ITS.CT-PH\IMGS\TTP CT-PH Lan 1\110823\20230811093006821_ANPR.jpg not found
17-08-2023  14:42:32.071 GetTopVehicle() - Error: File D:\ITS.CT-PH\IMGS\TTP CT-PH Lan 6\110823\20230811093004321_Plate.jpg not found
17-08-2023  14:42:32.071 GetTopVehicle() - Error: File D:\ITS.CT-PH\IMGS\TTP CT-PH Lan 6\110823\20230811093004321_ANPR.jpg not found
17-08-2023  14:42:32.142 GetTopVehicle() - Error: File  not found
17-08-2023  14:42:32.142 GetTopVehicle() - Error: File D:\ITS.CT-PH\IMGS\TTP CT-PH Lan 6\110823\20230811093003072_ANPR.jpg not found
17-08-2023  14:42:32.210 GetTopVehicle() - Error: File D:\ITS.CT-PH\IMGS\TTP CT-PH Lan 1\110823\20230811092957760_Plate.jpg not found
17-08-2023  14:42:32.210 GetTopVehicle() - Error: File D:\ITS.CT-PH\IMGS\TTP CT-PH Lan 1\110823\20230811092957760_ANPR.jpg not found
17-08-2023  14:42:32.291 GetTopVehicle() - Error: File D:\ITS.CT-PH\IMGS\TTP CT-PH Lan 6\110823\20230811092953652_Plate.jpg not found
17-08-2023  14:42:32.291 GetTopVehicle() - Error: File D:\ITS.CT-PH\IMGS\TTP CT-PH Lan 6\110823\20230811092953652_ANPR.jpg not found
17-08-2023  14:42:56.006 GetTopVehicle() - Error: File D:\ITS.CT-PH\IMGS\TTP CT-PH Lan 6\110823\20230811093252478_ANPR.jpg not found
17-08-2023  14:42:56.085 GetTopVehicle() - Error: File D:\ITS.CT-PH\IMGS\TTP CT-PH Lan 6\110823\20230811093247631_Plate.jpg not found
17-08-2023  14:42:56.086 GetTopVehicle() - Error: File D:\ITS.CT-PH\IMGS\TTP CT-PH Lan 6\110823\20230811093247631_ANPR.jpg not found
17-08-2023  14:42:56.143 GetTopVehicle() - Error: File D:\ITS.CT-PH\IMGS\TTP CT-PH Lan 1\110823\20230811093245112_Plate.jpg not found
17-08-2023  14:42:56.143 GetTopVehicle() - Error: File D:\ITS.CT-PH\IMGS\TTP CT-PH Lan 1\110823\20230811093245112_ANPR.jpg not found
17-08-2023  14:42:56.211 GetTopVehicle() - Error: File D:\ITS.CT-PH\IMGS\TTP CT-PH Lan 1\110823\20230811093242128_Plate.jpg not found
17-08-2023  14:42:56.211 GetTopVehicle() - Error: File D:\ITS.CT-PH\IMGS\TTP CT-PH Lan 1\110823\20230811093242128_ANPR.jpg not found
17-08-2023  14:42:56.281 GetTopVehicle() - Error: File D:\ITS.CT-PH\IMGS\TTP CT-PH Lan 1\110823\20230811093238957_Plate.jpg not found
17-08-2023  14:42:56.281 GetTopVehicle() - Error: File D:\ITS.CT-PH\IMGS\TTP CT-PH Lan 1\110823\20230811093238957_ANPR.jpg not found
17-08-2023  14:42:56.381 GetTopVehicle() - Error: File D:\ITS.CT-PH\IMGS\TTP CT-PH Lan 6\110823\20230811093221555_Plate.jpg not found
17-08-2023  14:42:56.382 GetTopVehicle() - Error: File D:\ITS.CT-PH\IMGS\TTP CT-PH Lan 6\110823\20230811093221555_ANPR.jpg not found
17-08-2023  14:42:56.455 GetTopVehicle() - Error: File D:\ITS.CT-PH\IMGS\TTP CT-PH Lan 6\110823\20230811093220774_Plate.jpg not found
17-08-2023  14:42:56.455 GetTopVehicle() - Error: File D:\ITS.CT-PH\IMGS\TTP CT-PH Lan 6\110823\20230811093220774_ANPR.jpg not found
17-08-2023  14:42:56.516 GetTopVehicle() - Error: File D:\ITS.CT-PH\IMGS\TTP CT-PH Lan 6\110823\20230811093202501_Plate.jpg not found
17-08-2023  14:42:56.516 GetTopVehicle() - Error: File D:\ITS.CT-PH\IMGS\TTP CT-PH Lan 6\110823\20230811093202501_ANPR.jpg not found
17-08-2023  14:42:56.582 GetTopVehicle() - Error: File D:\ITS.CT-PH\IMGS\TTP CT-PH Lan 6\110823\20230811093155002_Plate.jpg not found
17-08-2023  14:42:56.582 GetTopVehicle() - Error: File D:\ITS.CT-PH\IMGS\TTP CT-PH Lan 6\110823\20230811093155002_ANPR.jpg not found
17-08-2023  14:42:56.650 GetTopVehicle() - Error: File D:\ITS.CT-PH\IMGS\TTP CT-PH Lan 6\110823\20230811093152019_Plate.jpg not found
17-08-2023  14:42:56.650 GetTopVehicle() - Error: File D:\ITS.CT-PH\IMGS\TTP CT-PH Lan 6\110823\20230811093152019_ANPR.jpg not found
17-08-2023  14:42:56.717 GetTopVehicle() - Error: File D:\ITS.CT-PH\IMGS\TTP CT-PH Lan 6\110823\20230811093130797_Plate.jpg not found
17-08-2023  14:42:56.717 GetTopVehicle() - Error: File D:\ITS.CT-PH\IMGS\TTP CT-PH Lan 6\110823\20230811093130797_ANPR.jpg not found
17-08-2023  14:42:56.779 GetTopVehicle() - Error: File D:\ITS.CT-PH\IMGS\TTP CT-PH Lan 6\110823\20230811093114488_Plate.jpg not found
17-08-2023  14:42:56.779 GetTopVehicle() - Error: File D:\ITS.CT-PH\IMGS\TTP CT-PH Lan 6\110823\20230811093114488_ANPR.jpg not found
17-08-2023  14:42:56.865 GetTopVehicle() - Error: File  not found
17-08-2023  14:42:56.866 GetTopVehicle() - Error: File D:\ITS.CT-PH\IMGS\TTP CT-PH Lan 6\110823\20230811093111988_ANPR.jpg not found
17-08-2023  14:42:56.928 GetTopVehicle() - Error: File D:\ITS.CT-PH\IMGS\TTP CT-PH Lan 1\110823\20230811093110408_Plate.jpg not found
17-08-2023  14:42:56.928 GetTopVehicle() - Error: File D:\ITS.CT-PH\IMGS\TTP CT-PH Lan 1\110823\20230811093110408_ANPR.jpg not found
17-08-2023  14:42:56.999 GetTopVehicle() - Error: File D:\ITS.CT-PH\IMGS\TTP CT-PH Lan 6\110823\20230811093106221_Plate.jpg not found
17-08-2023  14:42:56.999 GetTopVehicle() - Error: File D:\ITS.CT-PH\IMGS\TTP CT-PH Lan 6\110823\20230811093106221_ANPR.jpg not found
17-08-2023  14:42:57.094 GetTopVehicle() - Error: File D:\ITS.CT-PH\IMGS\TTP CT-PH Lan 1\110823\20230811093102191_Plate.jpg not found
17-08-2023  14:42:57.094 GetTopVehicle() - Error: File D:\ITS.CT-PH\IMGS\TTP CT-PH Lan 1\110823\20230811093102191_ANPR.jpg not found
17-08-2023  14:42:57.158 GetTopVehicle() - Error: File D:\ITS.CT-PH\IMGS\TTP CT-PH Lan 6\110823\20230811093044441_Plate.jpg not found
17-08-2023  14:42:57.159 GetTopVehicle() - Error: File D:\ITS.CT-PH\IMGS\TTP CT-PH Lan 6\110823\20230811093044441_ANPR.jpg not found
17-08-2023  14:42:57.262 GetTopVehicle() - Error: File D:\ITS.CT-PH\IMGS\TTP CT-PH Lan 6\110823\20230811093027192_Plate.jpg not found
17-08-2023  14:42:57.263 GetTopVehicle() - Error: File D:\ITS.CT-PH\IMGS\TTP CT-PH Lan 6\110823\20230811093027192_ANPR.jpg not found
17-08-2023  14:42:57.402 GetTopVehicle() - Error: File D:\ITS.CT-PH\IMGS\TTP CT-PH Lan 1\110823\20230811093018116_Plate.jpg not found
17-08-2023  14:42:57.403 GetTopVehicle() - Error: File D:\ITS.CT-PH\IMGS\TTP CT-PH Lan 1\110823\20230811093018116_ANPR.jpg not found
17-08-2023  14:42:57.463 GetTopVehicle() - Error: File D:\ITS.CT-PH\IMGS\TTP CT-PH Lan 6\110823\20230811093018085_Plate.jpg not found
17-08-2023  14:42:57.464 GetTopVehicle() - Error: File D:\ITS.CT-PH\IMGS\TTP CT-PH Lan 6\110823\20230811093018085_ANPR.jpg not found
17-08-2023  14:42:57.529 GetTopVehicle() - Error: File D:\ITS.CT-PH\IMGS\TTP CT-PH Lan 1\110823\20230811093013327_Plate.jpg not found
17-08-2023  14:42:57.530 GetTopVehicle() - Error: File D:\ITS.CT-PH\IMGS\TTP CT-PH Lan 1\110823\20230811093013327_ANPR.jpg not found
17-08-2023  14:42:57.621 GetTopVehicle() - Error: File D:\ITS.CT-PH\IMGS\TTP CT-PH Lan 1\110823\20230811093011398_Plate.jpg not found
17-08-2023  14:42:57.622 GetTopVehicle() - Error: File D:\ITS.CT-PH\IMGS\TTP CT-PH Lan 1\110823\20230811093011398_ANPR.jpg not found
17-08-2023  14:42:57.708 GetTopVehicle() - Error: File D:\ITS.CT-PH\IMGS\TTP CT-PH Lan 1\110823\20230811093006805_Plate.jpg not found
17-08-2023  14:42:57.708 GetTopVehicle() - Error: File D:\ITS.CT-PH\IMGS\TTP CT-PH Lan 1\110823\20230811093006821_ANPR.jpg not found
17-08-2023  14:42:57.774 GetTopVehicle() - Error: File D:\ITS.CT-PH\IMGS\TTP CT-PH Lan 6\110823\20230811093004321_Plate.jpg not found
17-08-2023  14:42:57.775 GetTopVehicle() - Error: File D:\ITS.CT-PH\IMGS\TTP CT-PH Lan 6\110823\20230811093004321_ANPR.jpg not found
17-08-2023  14:42:57.837 GetTopVehicle() - Error: File  not found
17-08-2023  14:42:57.838 GetTopVehicle() - Error: File D:\ITS.CT-PH\IMGS\TTP CT-PH Lan 6\110823\20230811093003072_ANPR.jpg not found
17-08-2023  14:42:57.908 GetTopVehicle() - Error: File D:\ITS.CT-PH\IMGS\TTP CT-PH Lan 1\110823\20230811092957760_Plate.jpg not found
17-08-2023  14:42:57.908 GetTopVehicle() - Error: File D:\ITS.CT-PH\IMGS\TTP CT-PH Lan 1\110823\20230811092957760_ANPR.jpg not found
17-08-2023  14:42:57.980 GetTopVehicle() - Error: File D:\ITS.CT-PH\IMGS\TTP CT-PH Lan 6\110823\20230811092953652_Plate.jpg not found
17-08-2023  14:42:57.980 GetTopVehicle() - Error: File D:\ITS.CT-PH\IMGS\TTP CT-PH Lan 6\110823\20230811092953652_ANPR.jpg not found
17-08-2023  14:42:58.036 GetTopVehicle() - Error: File D:\ITS.CT-PH\IMGS\TTP CT-PH Lan 6\110823\20230811092951152_Plate.jpg not found
17-08-2023  14:42:58.036 GetTopVehicle() - Error: File D:\ITS.CT-PH\IMGS\TTP CT-PH Lan 6\110823\20230811092951152_ANPR.jpg not found
17-08-2023  14:42:58.099 GetTopVehicle() - Error: File D:\ITS.CT-PH\IMGS\TTP CT-PH Lan 1\110823\20230811092944915_Plate.jpg not found
17-08-2023  14:42:58.099 GetTopVehicle() - Error: File D:\ITS.CT-PH\IMGS\TTP CT-PH Lan 1\110823\20230811092944915_ANPR.jpg not found
17-08-2023  14:42:58.161 GetTopVehicle() - Error: File D:\ITS.CT-PH\IMGS\TTP CT-PH Lan 1\110823\20230811092936826_Plate.jpg not found
17-08-2023  14:42:58.161 GetTopVehicle() - Error: File D:\ITS.CT-PH\IMGS\TTP CT-PH Lan 1\110823\20230811092936826_ANPR.jpg not found
17-08-2023  14:42:58.226 GetTopVehicle() - Error: File D:\ITS.CT-PH\IMGS\TTP CT-PH Lan 1\110823\20230811092910167_Plate.jpg not found
17-08-2023  14:42:58.226 GetTopVehicle() - Error: File D:\ITS.CT-PH\IMGS\TTP CT-PH Lan 1\110823\20230811092910167_ANPR.jpg not found
17-08-2023  14:42:58.349 GetTopVehicle() - Error: File D:\ITS.CT-PH\IMGS\TTP CT-PH Lan 1\110823\20230811092900886_Plate.jpg not found
17-08-2023  14:42:58.349 GetTopVehicle() - Error: File D:\ITS.CT-PH\IMGS\TTP CT-PH Lan 1\110823\20230811092900886_ANPR.jpg not found
17-08-2023  14:42:58.442 GetTopVehicle() - Error: File D:\ITS.CT-PH\IMGS\TTP CT-PH Lan 1\110823\20230811092855304_Plate.jpg not found
17-08-2023  14:42:58.442 GetTopVehicle() - Error: File D:\ITS.CT-PH\IMGS\TTP CT-PH Lan 1\110823\20230811092855304_ANPR.jpg not found
17-08-2023  14:42:58.523 GetTopVehicle() - Error: File D:\ITS.CT-PH\IMGS\TTP CT-PH Lan 1\110823\20230811092850789_Plate.jpg not found
17-08-2023  14:42:58.523 GetTopVehicle() - Error: File D:\ITS.CT-PH\IMGS\TTP CT-PH Lan 1\110823\20230811092850789_ANPR.jpg not found
17-08-2023  14:42:58.596 GetTopVehicle() - Error: File D:\ITS.CT-PH\IMGS\TTP CT-PH Lan 6\110823\20230811092848992_Plate.jpg not found
17-08-2023  14:42:58.596 GetTopVehicle() - Error: File D:\ITS.CT-PH\IMGS\TTP CT-PH Lan 6\110823\20230811092848992_ANPR.jpg not found
17-08-2023  14:42:58.669 GetTopVehicle() - Error: File D:\ITS.CT-PH\IMGS\TTP CT-PH Lan 1\110823\20230811092848367_Plate.jpg not found
17-08-2023  14:42:58.670 GetTopVehicle() - Error: File D:\ITS.CT-PH\IMGS\TTP CT-PH Lan 1\110823\20230811092848367_ANPR.jpg not found
17-08-2023  14:42:58.732 GetTopVehicle() - Error: File D:\ITS.CT-PH\IMGS\TTP CT-PH Lan 1\110823\20230811092846868_Plate.jpg not found
17-08-2023  14:42:58.732 GetTopVehicle() - Error: File D:\ITS.CT-PH\IMGS\TTP CT-PH Lan 1\110823\20230811092846868_ANPR.jpg not found
17-08-2023  14:42:58.800 GetTopVehicle() - Error: File D:\ITS.CT-PH\IMGS\TTP CT-PH Lan 6\110823\20230811092844581_Plate.jpg not found
17-08-2023  14:42:58.801 GetTopVehicle() - Error: File D:\ITS.CT-PH\IMGS\TTP CT-PH Lan 6\110823\20230811092844581_ANPR.jpg not found
17-08-2023  14:42:58.868 GetTopVehicle() - Error: File D:\ITS.CT-PH\IMGS\TTP CT-PH Lan 6\110823\20230811092738047_Plate.jpg not found
17-08-2023  14:42:58.868 GetTopVehicle() - Error: File D:\ITS.CT-PH\IMGS\TTP CT-PH Lan 6\110823\20230811092738047_ANPR.jpg not found
17-08-2023  14:42:58.955 GetTopVehicle() - Error: File D:\ITS.CT-PH\IMGS\TTP CT-PH Lan 1\110823\20230811092718114_Plate.jpg not found
17-08-2023  14:42:58.956 GetTopVehicle() - Error: File D:\ITS.CT-PH\IMGS\TTP CT-PH Lan 1\110823\20230811092718114_ANPR.jpg not found
17-08-2023  14:42:59.021 GetTopVehicle() - Error: File D:\ITS.CT-PH\IMGS\TTP CT-PH Lan 1\110823\20230811092714060_Plate.jpg not found
17-08-2023  14:42:59.021 GetTopVehicle() - Error: File D:\ITS.CT-PH\IMGS\TTP CT-PH Lan 1\110823\20230811092714060_ANPR.jpg not found
17-08-2023  14:42:59.090 GetTopVehicle() - Error: File D:\ITS.CT-PH\IMGS\TTP CT-PH Lan 1\110823\20230811092708572_Plate.jpg not found
17-08-2023  14:42:59.090 GetTopVehicle() - Error: File D:\ITS.CT-PH\IMGS\TTP CT-PH Lan 1\110823\20230811092708572_ANPR.jpg not found
17-08-2023  14:42:59.159 GetTopVehicle() - Error: File D:\ITS.CT-PH\IMGS\TTP CT-PH Lan 6\110823\20230811092655802_ANPR.jpg not found
17-08-2023  14:42:59.249 GetTopVehicle() - Error: File D:\ITS.CT-PH\IMGS\TTP CT-PH Lan 1\110823\20230811092634558_Plate.jpg not found
17-08-2023  14:42:59.250 GetTopVehicle() - Error: File D:\ITS.CT-PH\IMGS\TTP CT-PH Lan 1\110823\20230811092634558_ANPR.jpg not found
17-08-2023  14:42:59.344 GetTopVehicle() - Error: File D:\ITS.CT-PH\IMGS\TTP CT-PH Lan 6\110823\20230811092625199_Plate.jpg not found
17-08-2023  14:42:59.344 GetTopVehicle() - Error: File D:\ITS.CT-PH\IMGS\TTP CT-PH Lan 6\110823\20230811092625199_ANPR.jpg not found
17-08-2023  14:42:59.414 GetTopVehicle() - Error: File D:\ITS.CT-PH\IMGS\TTP CT-PH Lan 1\110823\20230811092621872_Plate.jpg not found
17-08-2023  14:42:59.414 GetTopVehicle() - Error: File D:\ITS.CT-PH\IMGS\TTP CT-PH Lan 1\110823\20230811092621872_ANPR.jpg not found
17-08-2023  14:42:59.510 GetTopVehicle() - Error: File  not found
17-08-2023  14:42:59.510 GetTopVehicle() - Error: File D:\ITS.CT-PH\IMGS\TTP CT-PH Lan 6\110823\20230811092621794_ANPR.jpg not found
17-08-2023  14:42:59.579 GetTopVehicle() - Error: File D:\ITS.CT-PH\IMGS\TTP CT-PH Lan 6\110823\20230811092619623_Plate.jpg not found
17-08-2023  14:42:59.579 GetTopVehicle() - Error: File D:\ITS.CT-PH\IMGS\TTP CT-PH Lan 6\110823\20230811092619623_ANPR.jpg not found
17-08-2023  14:42:59.663 GetTopVehicle() - Error: File D:\ITS.CT-PH\IMGS\TTP CT-PH Lan 1\110823\20230811092617498_Plate.jpg not found
17-08-2023  14:42:59.663 GetTopVehicle() - Error: File D:\ITS.CT-PH\IMGS\TTP CT-PH Lan 1\110823\20230811092617498_ANPR.jpg not found
17-08-2023  14:42:59.750 GetTopVehicle() - Error: File D:\ITS.CT-PH\IMGS\TTP CT-PH Lan 1\110823\20230811092617076_Plate.jpg not found
17-08-2023  14:42:59.751 GetTopVehicle() - Error: File D:\ITS.CT-PH\IMGS\TTP CT-PH Lan 1\110823\20230811092617076_ANPR.jpg not found
17-08-2023  14:52:50.914 GetTopVehicle() - Error: File D:\ITS.CT-PH\IMGS\TTP CT-PH Lan 6\110823\20230811093252478_ANPR.jpg not found
17-08-2023  14:52:51.057 GetTopVehicle() - Error: File D:\ITS.CT-PH\IMGS\TTP CT-PH Lan 6\110823\20230811093247631_Plate.jpg not found
17-08-2023  14:52:51.057 GetTopVehicle() - Error: File D:\ITS.CT-PH\IMGS\TTP CT-PH Lan 6\110823\20230811093247631_ANPR.jpg not found
17-08-2023  14:52:51.179 GetTopVehicle() - Error: File D:\ITS.CT-PH\IMGS\TTP CT-PH Lan 1\110823\20230811093245112_Plate.jpg not found
17-08-2023  14:52:51.180 GetTopVehicle() - Error: File D:\ITS.CT-PH\IMGS\TTP CT-PH Lan 1\110823\20230811093245112_ANPR.jpg not found
17-08-2023  14:52:51.269 GetTopVehicle() - Error: File D:\ITS.CT-PH\IMGS\TTP CT-PH Lan 1\110823\20230811093242128_Plate.jpg not found
17-08-2023  14:52:51.269 GetTopVehicle() - Error: File D:\ITS.CT-PH\IMGS\TTP CT-PH Lan 1\110823\20230811093242128_ANPR.jpg not found
17-08-2023  14:52:51.348 GetTopVehicle() - Error: File D:\ITS.CT-PH\IMGS\TTP CT-PH Lan 1\110823\20230811093238957_Plate.jpg not found
17-08-2023  14:52:51.348 GetTopVehicle() - Error: File D:\ITS.CT-PH\IMGS\TTP CT-PH Lan 1\110823\20230811093238957_ANPR.jpg not found
17-08-2023  14:52:51.427 GetTopVehicle() - Error: File D:\ITS.CT-PH\IMGS\TTP CT-PH Lan 6\110823\20230811093221555_Plate.jpg not found
17-08-2023  14:52:51.428 GetTopVehicle() - Error: File D:\ITS.CT-PH\IMGS\TTP CT-PH Lan 6\110823\20230811093221555_ANPR.jpg not found
17-08-2023  14:52:51.498 GetTopVehicle() - Error: File D:\ITS.CT-PH\IMGS\TTP CT-PH Lan 6\110823\20230811093220774_Plate.jpg not found
17-08-2023  14:52:51.499 GetTopVehicle() - Error: File D:\ITS.CT-PH\IMGS\TTP CT-PH Lan 6\110823\20230811093220774_ANPR.jpg not found
17-08-2023  14:52:51.567 GetTopVehicle() - Error: File D:\ITS.CT-PH\IMGS\TTP CT-PH Lan 6\110823\20230811093202501_Plate.jpg not found
17-08-2023  14:52:51.567 GetTopVehicle() - Error: File D:\ITS.CT-PH\IMGS\TTP CT-PH Lan 6\110823\20230811093202501_ANPR.jpg not found
17-08-2023  14:52:51.663 GetTopVehicle() - Error: File D:\ITS.CT-PH\IMGS\TTP CT-PH Lan 6\110823\20230811093155002_Plate.jpg not found
17-08-2023  14:52:51.663 GetTopVehicle() - Error: File D:\ITS.CT-PH\IMGS\TTP CT-PH Lan 6\110823\20230811093155002_ANPR.jpg not found
17-08-2023  14:52:51.761 GetTopVehicle() - Error: File D:\ITS.CT-PH\IMGS\TTP CT-PH Lan 6\110823\20230811093152019_Plate.jpg not found
17-08-2023  14:52:51.761 GetTopVehicle() - Error: File D:\ITS.CT-PH\IMGS\TTP CT-PH Lan 6\110823\20230811093152019_ANPR.jpg not found
17-08-2023  14:52:51.839 GetTopVehicle() - Error: File D:\ITS.CT-PH\IMGS\TTP CT-PH Lan 6\110823\20230811093130797_Plate.jpg not found
17-08-2023  14:52:51.840 GetTopVehicle() - Error: File D:\ITS.CT-PH\IMGS\TTP CT-PH Lan 6\110823\20230811093130797_ANPR.jpg not found
17-08-2023  14:52:51.920 GetTopVehicle() - Error: File D:\ITS.CT-PH\IMGS\TTP CT-PH Lan 6\110823\20230811093114488_Plate.jpg not found
17-08-2023  14:52:51.921 GetTopVehicle() - Error: File D:\ITS.CT-PH\IMGS\TTP CT-PH Lan 6\110823\20230811093114488_ANPR.jpg not found
17-08-2023  14:52:51.990 GetTopVehicle() - Error: File  not found
17-08-2023  14:52:51.991 GetTopVehicle() - Error: File D:\ITS.CT-PH\IMGS\TTP CT-PH Lan 6\110823\20230811093111988_ANPR.jpg not found
17-08-2023  14:52:52.116 GetTopVehicle() - Error: File D:\ITS.CT-PH\IMGS\TTP CT-PH Lan 1\110823\20230811093110408_Plate.jpg not found
17-08-2023  14:52:52.117 GetTopVehicle() - Error: File D:\ITS.CT-PH\IMGS\TTP CT-PH Lan 1\110823\20230811093110408_ANPR.jpg not found
17-08-2023  14:52:52.194 GetTopVehicle() - Error: File D:\ITS.CT-PH\IMGS\TTP CT-PH Lan 6\110823\20230811093106221_Plate.jpg not found
17-08-2023  14:52:52.194 GetTopVehicle() - Error: File D:\ITS.CT-PH\IMGS\TTP CT-PH Lan 6\110823\20230811093106221_ANPR.jpg not found
17-08-2023  14:52:52.266 GetTopVehicle() - Error: File D:\ITS.CT-PH\IMGS\TTP CT-PH Lan 1\110823\20230811093102191_Plate.jpg not found
17-08-2023  14:52:52.266 GetTopVehicle() - Error: File D:\ITS.CT-PH\IMGS\TTP CT-PH Lan 1\110823\20230811093102191_ANPR.jpg not found
17-08-2023  14:52:52.339 GetTopVehicle() - Error: File D:\ITS.CT-PH\IMGS\TTP CT-PH Lan 6\110823\20230811093044441_Plate.jpg not found
17-08-2023  14:52:52.340 GetTopVehicle() - Error: File D:\ITS.CT-PH\IMGS\TTP CT-PH Lan 6\110823\20230811093044441_ANPR.jpg not found
17-08-2023  14:52:52.424 GetTopVehicle() - Error: File D:\ITS.CT-PH\IMGS\TTP CT-PH Lan 6\110823\20230811093027192_Plate.jpg not found
17-08-2023  14:52:52.424 GetTopVehicle() - Error: File D:\ITS.CT-PH\IMGS\TTP CT-PH Lan 6\110823\20230811093027192_ANPR.jpg not found
17-08-2023  14:52:52.493 GetTopVehicle() - Error: File D:\ITS.CT-PH\IMGS\TTP CT-PH Lan 1\110823\20230811093018116_Plate.jpg not found
17-08-2023  14:52:52.494 GetTopVehicle() - Error: File D:\ITS.CT-PH\IMGS\TTP CT-PH Lan 1\110823\20230811093018116_ANPR.jpg not found
17-08-2023  14:52:52.552 GetTopVehicle() - Error: File D:\ITS.CT-PH\IMGS\TTP CT-PH Lan 6\110823\20230811093018085_Plate.jpg not found
17-08-2023  14:52:52.553 GetTopVehicle() - Error: File D:\ITS.CT-PH\IMGS\TTP CT-PH Lan 6\110823\20230811093018085_ANPR.jpg not found
17-08-2023  14:52:52.617 GetTopVehicle() - Error: File D:\ITS.CT-PH\IMGS\TTP CT-PH Lan 1\110823\20230811093013327_Plate.jpg not found
17-08-2023  14:52:52.617 GetTopVehicle() - Error: File D:\ITS.CT-PH\IMGS\TTP CT-PH Lan 1\110823\20230811093013327_ANPR.jpg not found
17-08-2023  14:52:52.680 GetTopVehicle() - Error: File D:\ITS.CT-PH\IMGS\TTP CT-PH Lan 1\110823\20230811093011398_Plate.jpg not found
17-08-2023  14:52:52.681 GetTopVehicle() - Error: File D:\ITS.CT-PH\IMGS\TTP CT-PH Lan 1\110823\20230811093011398_ANPR.jpg not found
17-08-2023  14:52:52.753 GetTopVehicle() - Error: File D:\ITS.CT-PH\IMGS\TTP CT-PH Lan 1\110823\20230811093006805_Plate.jpg not found
17-08-2023  14:52:52.753 GetTopVehicle() - Error: File D:\ITS.CT-PH\IMGS\TTP CT-PH Lan 1\110823\20230811093006821_ANPR.jpg not found
17-08-2023  14:52:52.825 GetTopVehicle() - Error: File D:\ITS.CT-PH\IMGS\TTP CT-PH Lan 6\110823\20230811093004321_Plate.jpg not found
17-08-2023  14:52:52.826 GetTopVehicle() - Error: File D:\ITS.CT-PH\IMGS\TTP CT-PH Lan 6\110823\20230811093004321_ANPR.jpg not found
17-08-2023  14:52:52.894 GetTopVehicle() - Error: File  not found
17-08-2023  14:52:52.895 GetTopVehicle() - Error: File D:\ITS.CT-PH\IMGS\TTP CT-PH Lan 6\110823\20230811093003072_ANPR.jpg not found
17-08-2023  14:52:52.957 GetTopVehicle() - Error: File D:\ITS.CT-PH\IMGS\TTP CT-PH Lan 1\110823\20230811092957760_Plate.jpg not found
17-08-2023  14:52:52.957 GetTopVehicle() - Error: File D:\ITS.CT-PH\IMGS\TTP CT-PH Lan 1\110823\20230811092957760_ANPR.jpg not found
17-08-2023  14:52:53.018 GetTopVehicle() - Error: File D:\ITS.CT-PH\IMGS\TTP CT-PH Lan 6\110823\20230811092953652_Plate.jpg not found
17-08-2023  14:52:53.018 GetTopVehicle() - Error: File D:\ITS.CT-PH\IMGS\TTP CT-PH Lan 6\110823\20230811092953652_ANPR.jpg not found
17-08-2023  14:52:53.081 GetTopVehicle() - Error: File D:\ITS.CT-PH\IMGS\TTP CT-PH Lan 6\110823\20230811092951152_Plate.jpg not found
17-08-2023  14:52:53.081 GetTopVehicle() - Error: File D:\ITS.CT-PH\IMGS\TTP CT-PH Lan 6\110823\20230811092951152_ANPR.jpg not found
17-08-2023  14:52:53.147 GetTopVehicle() - Error: File D:\ITS.CT-PH\IMGS\TTP CT-PH Lan 1\110823\20230811092944915_Plate.jpg not found
17-08-2023  14:52:53.147 GetTopVehicle() - Error: File D:\ITS.CT-PH\IMGS\TTP CT-PH Lan 1\110823\20230811092944915_ANPR.jpg not found
17-08-2023  14:52:53.208 GetTopVehicle() - Error: File D:\ITS.CT-PH\IMGS\TTP CT-PH Lan 1\110823\20230811092936826_Plate.jpg not found
17-08-2023  14:52:53.209 GetTopVehicle() - Error: File D:\ITS.CT-PH\IMGS\TTP CT-PH Lan 1\110823\20230811092936826_ANPR.jpg not found
17-08-2023  14:52:53.276 GetTopVehicle() - Error: File D:\ITS.CT-PH\IMGS\TTP CT-PH Lan 1\110823\20230811092910167_Plate.jpg not found
17-08-2023  14:52:53.276 GetTopVehicle() - Error: File D:\ITS.CT-PH\IMGS\TTP CT-PH Lan 1\110823\20230811092910167_ANPR.jpg not found
17-08-2023  14:52:53.352 GetTopVehicle() - Error: File D:\ITS.CT-PH\IMGS\TTP CT-PH Lan 1\110823\20230811092900886_Plate.jpg not found
17-08-2023  14:52:53.352 GetTopVehicle() - Error: File D:\ITS.CT-PH\IMGS\TTP CT-PH Lan 1\110823\20230811092900886_ANPR.jpg not found
17-08-2023  14:52:53.417 GetTopVehicle() - Error: File D:\ITS.CT-PH\IMGS\TTP CT-PH Lan 1\110823\20230811092855304_Plate.jpg not found
17-08-2023  14:52:53.417 GetTopVehicle() - Error: File D:\ITS.CT-PH\IMGS\TTP CT-PH Lan 1\110823\20230811092855304_ANPR.jpg not found
17-08-2023  14:52:53.490 GetTopVehicle() - Error: File D:\ITS.CT-PH\IMGS\TTP CT-PH Lan 1\110823\20230811092850789_Plate.jpg not found
17-08-2023  14:52:53.490 GetTopVehicle() - Error: File D:\ITS.CT-PH\IMGS\TTP CT-PH Lan 1\110823\20230811092850789_ANPR.jpg not found
17-08-2023  14:52:53.549 GetTopVehicle() - Error: File D:\ITS.CT-PH\IMGS\TTP CT-PH Lan 6\110823\20230811092848992_Plate.jpg not found
17-08-2023  14:52:53.549 GetTopVehicle() - Error: File D:\ITS.CT-PH\IMGS\TTP CT-PH Lan 6\110823\20230811092848992_ANPR.jpg not found
17-08-2023  14:52:53.616 GetTopVehicle() - Error: File D:\ITS.CT-PH\IMGS\TTP CT-PH Lan 1\110823\20230811092848367_Plate.jpg not found
17-08-2023  14:52:53.616 GetTopVehicle() - Error: File D:\ITS.CT-PH\IMGS\TTP CT-PH Lan 1\110823\20230811092848367_ANPR.jpg not found
17-08-2023  14:52:53.677 GetTopVehicle() - Error: File D:\ITS.CT-PH\IMGS\TTP CT-PH Lan 1\110823\20230811092846868_Plate.jpg not found
17-08-2023  14:52:53.678 GetTopVehicle() - Error: File D:\ITS.CT-PH\IMGS\TTP CT-PH Lan 1\110823\20230811092846868_ANPR.jpg not found
17-08-2023  14:52:53.773 GetTopVehicle() - Error: File D:\ITS.CT-PH\IMGS\TTP CT-PH Lan 6\110823\20230811092844581_Plate.jpg not found
17-08-2023  14:52:53.773 GetTopVehicle() - Error: File D:\ITS.CT-PH\IMGS\TTP CT-PH Lan 6\110823\20230811092844581_ANPR.jpg not found
17-08-2023  14:52:53.837 GetTopVehicle() - Error: File D:\ITS.CT-PH\IMGS\TTP CT-PH Lan 6\110823\20230811092738047_Plate.jpg not found
17-08-2023  14:52:53.837 GetTopVehicle() - Error: File D:\ITS.CT-PH\IMGS\TTP CT-PH Lan 6\110823\20230811092738047_ANPR.jpg not found
17-08-2023  14:52:53.902 GetTopVehicle() - Error: File D:\ITS.CT-PH\IMGS\TTP CT-PH Lan 1\110823\20230811092718114_Plate.jpg not found
17-08-2023  14:52:53.902 GetTopVehicle() - Error: File D:\ITS.CT-PH\IMGS\TTP CT-PH Lan 1\110823\20230811092718114_ANPR.jpg not found
17-08-2023  14:52:53.966 GetTopVehicle() - Error: File D:\ITS.CT-PH\IMGS\TTP CT-PH Lan 1\110823\20230811092714060_Plate.jpg not found
17-08-2023  14:52:53.966 GetTopVehicle() - Error: File D:\ITS.CT-PH\IMGS\TTP CT-PH Lan 1\110823\20230811092714060_ANPR.jpg not found
17-08-2023  14:52:54.031 GetTopVehicle() - Error: File D:\ITS.CT-PH\IMGS\TTP CT-PH Lan 1\110823\20230811092708572_Plate.jpg not found
17-08-2023  14:52:54.031 GetTopVehicle() - Error: File D:\ITS.CT-PH\IMGS\TTP CT-PH Lan 1\110823\20230811092708572_ANPR.jpg not found
17-08-2023  14:52:54.095 GetTopVehicle() - Error: File D:\ITS.CT-PH\IMGS\TTP CT-PH Lan 6\110823\20230811092655802_ANPR.jpg not found
17-08-2023  14:52:54.160 GetTopVehicle() - Error: File D:\ITS.CT-PH\IMGS\TTP CT-PH Lan 1\110823\20230811092634558_Plate.jpg not found
17-08-2023  14:52:54.160 GetTopVehicle() - Error: File D:\ITS.CT-PH\IMGS\TTP CT-PH Lan 1\110823\20230811092634558_ANPR.jpg not found
17-08-2023  14:52:54.229 GetTopVehicle() - Error: File D:\ITS.CT-PH\IMGS\TTP CT-PH Lan 6\110823\20230811092625199_Plate.jpg not found
17-08-2023  14:52:54.229 GetTopVehicle() - Error: File D:\ITS.CT-PH\IMGS\TTP CT-PH Lan 6\110823\20230811092625199_ANPR.jpg not found
17-08-2023  14:52:54.291 GetTopVehicle() - Error: File D:\ITS.CT-PH\IMGS\TTP CT-PH Lan 1\110823\20230811092621872_Plate.jpg not found
17-08-2023  14:52:54.291 GetTopVehicle() - Error: File D:\ITS.CT-PH\IMGS\TTP CT-PH Lan 1\110823\20230811092621872_ANPR.jpg not found
17-08-2023  14:52:54.371 GetTopVehicle() - Error: File  not found
17-08-2023  14:52:54.372 GetTopVehicle() - Error: File D:\ITS.CT-PH\IMGS\TTP CT-PH Lan 6\110823\20230811092621794_ANPR.jpg not found
17-08-2023  14:52:54.438 GetTopVehicle() - Error: File D:\ITS.CT-PH\IMGS\TTP CT-PH Lan 6\110823\20230811092619623_Plate.jpg not found
17-08-2023  14:52:54.439 GetTopVehicle() - Error: File D:\ITS.CT-PH\IMGS\TTP CT-PH Lan 6\110823\20230811092619623_ANPR.jpg not found
17-08-2023  14:52:54.504 GetTopVehicle() - Error: File D:\ITS.CT-PH\IMGS\TTP CT-PH Lan 1\110823\20230811092617498_Plate.jpg not found
17-08-2023  14:52:54.504 GetTopVehicle() - Error: File D:\ITS.CT-PH\IMGS\TTP CT-PH Lan 1\110823\20230811092617498_ANPR.jpg not found
17-08-2023  14:52:54.570 GetTopVehicle() - Error: File D:\ITS.CT-PH\IMGS\TTP CT-PH Lan 1\110823\20230811092617076_Plate.jpg not found
17-08-2023  14:52:54.571 GetTopVehicle() - Error: File D:\ITS.CT-PH\IMGS\TTP CT-PH Lan 1\110823\20230811092617076_ANPR.jpg not found
17-08-2023  15:23:33.980 GetTopVehicle() - Error: File D:\ITS.CT-PH\IMGS\TTP CT-PH Lan 6\110823\20230811093252478_ANPR.jpg not found
17-08-2023  15:23:34.048 GetTopVehicle() - Error: File D:\ITS.CT-PH\IMGS\TTP CT-PH Lan 6\110823\20230811093247631_Plate.jpg not found
17-08-2023  15:23:34.049 GetTopVehicle() - Error: File D:\ITS.CT-PH\IMGS\TTP CT-PH Lan 6\110823\20230811093247631_ANPR.jpg not found
17-08-2023  15:23:34.111 GetTopVehicle() - Error: File D:\ITS.CT-PH\IMGS\TTP CT-PH Lan 1\110823\20230811093245112_Plate.jpg not found
17-08-2023  15:23:34.111 GetTopVehicle() - Error: File D:\ITS.CT-PH\IMGS\TTP CT-PH Lan 1\110823\20230811093245112_ANPR.jpg not found
17-08-2023  15:23:34.167 GetTopVehicle() - Error: File D:\ITS.CT-PH\IMGS\TTP CT-PH Lan 1\110823\20230811093242128_Plate.jpg not found
17-08-2023  15:23:34.167 GetTopVehicle() - Error: File D:\ITS.CT-PH\IMGS\TTP CT-PH Lan 1\110823\20230811093242128_ANPR.jpg not found
17-08-2023  15:23:34.231 GetTopVehicle() - Error: File D:\ITS.CT-PH\IMGS\TTP CT-PH Lan 1\110823\20230811093238957_Plate.jpg not found
17-08-2023  15:23:34.231 GetTopVehicle() - Error: File D:\ITS.CT-PH\IMGS\TTP CT-PH Lan 1\110823\20230811093238957_ANPR.jpg not found
17-08-2023  15:23:34.306 GetTopVehicle() - Error: File D:\ITS.CT-PH\IMGS\TTP CT-PH Lan 6\110823\20230811093221555_Plate.jpg not found
17-08-2023  15:23:34.306 GetTopVehicle() - Error: File D:\ITS.CT-PH\IMGS\TTP CT-PH Lan 6\110823\20230811093221555_ANPR.jpg not found
17-08-2023  15:23:34.365 GetTopVehicle() - Error: File D:\ITS.CT-PH\IMGS\TTP CT-PH Lan 6\110823\20230811093220774_Plate.jpg not found
17-08-2023  15:23:34.365 GetTopVehicle() - Error: File D:\ITS.CT-PH\IMGS\TTP CT-PH Lan 6\110823\20230811093220774_ANPR.jpg not found
17-08-2023  15:23:34.425 GetTopVehicle() - Error: File D:\ITS.CT-PH\IMGS\TTP CT-PH Lan 6\110823\20230811093202501_Plate.jpg not found
17-08-2023  15:23:34.425 GetTopVehicle() - Error: File D:\ITS.CT-PH\IMGS\TTP CT-PH Lan 6\110823\20230811093202501_ANPR.jpg not found
17-08-2023  15:23:34.491 GetTopVehicle() - Error: File D:\ITS.CT-PH\IMGS\TTP CT-PH Lan 6\110823\20230811093155002_Plate.jpg not found
17-08-2023  15:23:34.492 GetTopVehicle() - Error: File D:\ITS.CT-PH\IMGS\TTP CT-PH Lan 6\110823\20230811093155002_ANPR.jpg not found
17-08-2023  15:23:34.557 GetTopVehicle() - Error: File D:\ITS.CT-PH\IMGS\TTP CT-PH Lan 6\110823\20230811093152019_Plate.jpg not found
17-08-2023  15:23:34.558 GetTopVehicle() - Error: File D:\ITS.CT-PH\IMGS\TTP CT-PH Lan 6\110823\20230811093152019_ANPR.jpg not found
17-08-2023  15:23:34.617 GetTopVehicle() - Error: File D:\ITS.CT-PH\IMGS\TTP CT-PH Lan 6\110823\20230811093130797_Plate.jpg not found
17-08-2023  15:23:34.617 GetTopVehicle() - Error: File D:\ITS.CT-PH\IMGS\TTP CT-PH Lan 6\110823\20230811093130797_ANPR.jpg not found
17-08-2023  15:23:34.677 GetTopVehicle() - Error: File D:\ITS.CT-PH\IMGS\TTP CT-PH Lan 6\110823\20230811093114488_Plate.jpg not found
17-08-2023  15:23:34.677 GetTopVehicle() - Error: File D:\ITS.CT-PH\IMGS\TTP CT-PH Lan 6\110823\20230811093114488_ANPR.jpg not found
17-08-2023  15:23:34.736 GetTopVehicle() - Error: File  not found
17-08-2023  15:23:34.737 GetTopVehicle() - Error: File D:\ITS.CT-PH\IMGS\TTP CT-PH Lan 6\110823\20230811093111988_ANPR.jpg not found
17-08-2023  15:23:34.805 GetTopVehicle() - Error: File D:\ITS.CT-PH\IMGS\TTP CT-PH Lan 1\110823\20230811093110408_Plate.jpg not found
17-08-2023  15:23:34.805 GetTopVehicle() - Error: File D:\ITS.CT-PH\IMGS\TTP CT-PH Lan 1\110823\20230811093110408_ANPR.jpg not found
17-08-2023  15:23:34.863 GetTopVehicle() - Error: File D:\ITS.CT-PH\IMGS\TTP CT-PH Lan 6\110823\20230811093106221_Plate.jpg not found
17-08-2023  15:23:34.864 GetTopVehicle() - Error: File D:\ITS.CT-PH\IMGS\TTP CT-PH Lan 6\110823\20230811093106221_ANPR.jpg not found
17-08-2023  15:23:34.922 GetTopVehicle() - Error: File D:\ITS.CT-PH\IMGS\TTP CT-PH Lan 1\110823\20230811093102191_Plate.jpg not found
17-08-2023  15:23:34.922 GetTopVehicle() - Error: File D:\ITS.CT-PH\IMGS\TTP CT-PH Lan 1\110823\20230811093102191_ANPR.jpg not found
17-08-2023  15:23:34.983 GetTopVehicle() - Error: File D:\ITS.CT-PH\IMGS\TTP CT-PH Lan 6\110823\20230811093044441_Plate.jpg not found
17-08-2023  15:23:34.984 GetTopVehicle() - Error: File D:\ITS.CT-PH\IMGS\TTP CT-PH Lan 6\110823\20230811093044441_ANPR.jpg not found
17-08-2023  15:23:35.043 GetTopVehicle() - Error: File D:\ITS.CT-PH\IMGS\TTP CT-PH Lan 6\110823\20230811093027192_Plate.jpg not found
17-08-2023  15:23:35.043 GetTopVehicle() - Error: File D:\ITS.CT-PH\IMGS\TTP CT-PH Lan 6\110823\20230811093027192_ANPR.jpg not found
17-08-2023  15:23:35.102 GetTopVehicle() - Error: File D:\ITS.CT-PH\IMGS\TTP CT-PH Lan 1\110823\20230811093018116_Plate.jpg not found
17-08-2023  15:23:35.102 GetTopVehicle() - Error: File D:\ITS.CT-PH\IMGS\TTP CT-PH Lan 1\110823\20230811093018116_ANPR.jpg not found
17-08-2023  15:23:35.163 GetTopVehicle() - Error: File D:\ITS.CT-PH\IMGS\TTP CT-PH Lan 6\110823\20230811093018085_Plate.jpg not found
17-08-2023  15:23:35.163 GetTopVehicle() - Error: File D:\ITS.CT-PH\IMGS\TTP CT-PH Lan 6\110823\20230811093018085_ANPR.jpg not found
17-08-2023  15:23:35.225 GetTopVehicle() - Error: File D:\ITS.CT-PH\IMGS\TTP CT-PH Lan 1\110823\20230811093013327_Plate.jpg not found
17-08-2023  15:23:35.226 GetTopVehicle() - Error: File D:\ITS.CT-PH\IMGS\TTP CT-PH Lan 1\110823\20230811093013327_ANPR.jpg not found
17-08-2023  15:23:35.306 GetTopVehicle() - Error: File D:\ITS.CT-PH\IMGS\TTP CT-PH Lan 1\110823\20230811093011398_Plate.jpg not found
17-08-2023  15:23:35.306 GetTopVehicle() - Error: File D:\ITS.CT-PH\IMGS\TTP CT-PH Lan 1\110823\20230811093011398_ANPR.jpg not found
17-08-2023  15:23:35.374 GetTopVehicle() - Error: File D:\ITS.CT-PH\IMGS\TTP CT-PH Lan 1\110823\20230811093006805_Plate.jpg not found
17-08-2023  15:23:35.374 GetTopVehicle() - Error: File D:\ITS.CT-PH\IMGS\TTP CT-PH Lan 1\110823\20230811093006821_ANPR.jpg not found
17-08-2023  15:23:35.435 GetTopVehicle() - Error: File D:\ITS.CT-PH\IMGS\TTP CT-PH Lan 6\110823\20230811093004321_Plate.jpg not found
17-08-2023  15:23:35.436 GetTopVehicle() - Error: File D:\ITS.CT-PH\IMGS\TTP CT-PH Lan 6\110823\20230811093004321_ANPR.jpg not found
17-08-2023  15:23:35.509 GetTopVehicle() - Error: File  not found
17-08-2023  15:23:35.509 GetTopVehicle() - Error: File D:\ITS.CT-PH\IMGS\TTP CT-PH Lan 6\110823\20230811093003072_ANPR.jpg not found
17-08-2023  15:23:35.572 GetTopVehicle() - Error: File D:\ITS.CT-PH\IMGS\TTP CT-PH Lan 1\110823\20230811092957760_Plate.jpg not found
17-08-2023  15:23:35.572 GetTopVehicle() - Error: File D:\ITS.CT-PH\IMGS\TTP CT-PH Lan 1\110823\20230811092957760_ANPR.jpg not found
17-08-2023  15:23:35.632 GetTopVehicle() - Error: File D:\ITS.CT-PH\IMGS\TTP CT-PH Lan 6\110823\20230811092953652_Plate.jpg not found
17-08-2023  15:23:35.632 GetTopVehicle() - Error: File D:\ITS.CT-PH\IMGS\TTP CT-PH Lan 6\110823\20230811092953652_ANPR.jpg not found
17-08-2023  15:23:35.691 GetTopVehicle() - Error: File D:\ITS.CT-PH\IMGS\TTP CT-PH Lan 6\110823\20230811092951152_Plate.jpg not found
17-08-2023  15:23:35.692 GetTopVehicle() - Error: File D:\ITS.CT-PH\IMGS\TTP CT-PH Lan 6\110823\20230811092951152_ANPR.jpg not found
17-08-2023  15:23:35.749 GetTopVehicle() - Error: File D:\ITS.CT-PH\IMGS\TTP CT-PH Lan 1\110823\20230811092944915_Plate.jpg not found
17-08-2023  15:23:35.749 GetTopVehicle() - Error: File D:\ITS.CT-PH\IMGS\TTP CT-PH Lan 1\110823\20230811092944915_ANPR.jpg not found
17-08-2023  15:23:35.808 GetTopVehicle() - Error: File D:\ITS.CT-PH\IMGS\TTP CT-PH Lan 1\110823\20230811092936826_Plate.jpg not found
17-08-2023  15:23:35.809 GetTopVehicle() - Error: File D:\ITS.CT-PH\IMGS\TTP CT-PH Lan 1\110823\20230811092936826_ANPR.jpg not found
17-08-2023  15:23:35.870 GetTopVehicle() - Error: File D:\ITS.CT-PH\IMGS\TTP CT-PH Lan 1\110823\20230811092910167_Plate.jpg not found
17-08-2023  15:23:35.870 GetTopVehicle() - Error: File D:\ITS.CT-PH\IMGS\TTP CT-PH Lan 1\110823\20230811092910167_ANPR.jpg not found
17-08-2023  15:23:35.935 GetTopVehicle() - Error: File D:\ITS.CT-PH\IMGS\TTP CT-PH Lan 1\110823\20230811092900886_Plate.jpg not found
17-08-2023  15:23:35.935 GetTopVehicle() - Error: File D:\ITS.CT-PH\IMGS\TTP CT-PH Lan 1\110823\20230811092900886_ANPR.jpg not found
17-08-2023  15:23:36.004 GetTopVehicle() - Error: File D:\ITS.CT-PH\IMGS\TTP CT-PH Lan 1\110823\20230811092855304_Plate.jpg not found
17-08-2023  15:23:36.004 GetTopVehicle() - Error: File D:\ITS.CT-PH\IMGS\TTP CT-PH Lan 1\110823\20230811092855304_ANPR.jpg not found
17-08-2023  15:23:36.073 GetTopVehicle() - Error: File D:\ITS.CT-PH\IMGS\TTP CT-PH Lan 1\110823\20230811092850789_Plate.jpg not found
17-08-2023  15:23:36.073 GetTopVehicle() - Error: File D:\ITS.CT-PH\IMGS\TTP CT-PH Lan 1\110823\20230811092850789_ANPR.jpg not found
17-08-2023  15:23:36.136 GetTopVehicle() - Error: File D:\ITS.CT-PH\IMGS\TTP CT-PH Lan 6\110823\20230811092848992_Plate.jpg not found
17-08-2023  15:23:36.137 GetTopVehicle() - Error: File D:\ITS.CT-PH\IMGS\TTP CT-PH Lan 6\110823\20230811092848992_ANPR.jpg not found
17-08-2023  15:23:36.201 GetTopVehicle() - Error: File D:\ITS.CT-PH\IMGS\TTP CT-PH Lan 1\110823\20230811092848367_Plate.jpg not found
17-08-2023  15:23:36.201 GetTopVehicle() - Error: File D:\ITS.CT-PH\IMGS\TTP CT-PH Lan 1\110823\20230811092848367_ANPR.jpg not found
17-08-2023  15:23:36.289 GetTopVehicle() - Error: File D:\ITS.CT-PH\IMGS\TTP CT-PH Lan 1\110823\20230811092846868_Plate.jpg not found
17-08-2023  15:23:36.290 GetTopVehicle() - Error: File D:\ITS.CT-PH\IMGS\TTP CT-PH Lan 1\110823\20230811092846868_ANPR.jpg not found
17-08-2023  15:23:36.351 GetTopVehicle() - Error: File D:\ITS.CT-PH\IMGS\TTP CT-PH Lan 6\110823\20230811092844581_Plate.jpg not found
17-08-2023  15:23:36.351 GetTopVehicle() - Error: File D:\ITS.CT-PH\IMGS\TTP CT-PH Lan 6\110823\20230811092844581_ANPR.jpg not found
17-08-2023  15:23:36.413 GetTopVehicle() - Error: File D:\ITS.CT-PH\IMGS\TTP CT-PH Lan 6\110823\20230811092738047_Plate.jpg not found
17-08-2023  15:23:36.413 GetTopVehicle() - Error: File D:\ITS.CT-PH\IMGS\TTP CT-PH Lan 6\110823\20230811092738047_ANPR.jpg not found
17-08-2023  15:23:36.481 GetTopVehicle() - Error: File D:\ITS.CT-PH\IMGS\TTP CT-PH Lan 1\110823\20230811092718114_Plate.jpg not found
17-08-2023  15:23:36.481 GetTopVehicle() - Error: File D:\ITS.CT-PH\IMGS\TTP CT-PH Lan 1\110823\20230811092718114_ANPR.jpg not found
17-08-2023  15:23:36.546 GetTopVehicle() - Error: File D:\ITS.CT-PH\IMGS\TTP CT-PH Lan 1\110823\20230811092714060_Plate.jpg not found
17-08-2023  15:23:36.546 GetTopVehicle() - Error: File D:\ITS.CT-PH\IMGS\TTP CT-PH Lan 1\110823\20230811092714060_ANPR.jpg not found
17-08-2023  15:23:36.606 GetTopVehicle() - Error: File D:\ITS.CT-PH\IMGS\TTP CT-PH Lan 1\110823\20230811092708572_Plate.jpg not found
17-08-2023  15:23:36.606 GetTopVehicle() - Error: File D:\ITS.CT-PH\IMGS\TTP CT-PH Lan 1\110823\20230811092708572_ANPR.jpg not found
17-08-2023  15:23:36.668 GetTopVehicle() - Error: File D:\ITS.CT-PH\IMGS\TTP CT-PH Lan 6\110823\20230811092655802_ANPR.jpg not found
17-08-2023  15:23:36.727 GetTopVehicle() - Error: File D:\ITS.CT-PH\IMGS\TTP CT-PH Lan 1\110823\20230811092634558_Plate.jpg not found
17-08-2023  15:23:36.727 GetTopVehicle() - Error: File D:\ITS.CT-PH\IMGS\TTP CT-PH Lan 1\110823\20230811092634558_ANPR.jpg not found
17-08-2023  15:23:36.787 GetTopVehicle() - Error: File D:\ITS.CT-PH\IMGS\TTP CT-PH Lan 6\110823\20230811092625199_Plate.jpg not found
17-08-2023  15:23:36.788 GetTopVehicle() - Error: File D:\ITS.CT-PH\IMGS\TTP CT-PH Lan 6\110823\20230811092625199_ANPR.jpg not found
17-08-2023  15:23:36.850 GetTopVehicle() - Error: File D:\ITS.CT-PH\IMGS\TTP CT-PH Lan 1\110823\20230811092621872_Plate.jpg not found
17-08-2023  15:23:36.850 GetTopVehicle() - Error: File D:\ITS.CT-PH\IMGS\TTP CT-PH Lan 1\110823\20230811092621872_ANPR.jpg not found
17-08-2023  15:23:36.913 GetTopVehicle() - Error: File  not found
17-08-2023  15:23:36.913 GetTopVehicle() - Error: File D:\ITS.CT-PH\IMGS\TTP CT-PH Lan 6\110823\20230811092621794_ANPR.jpg not found
17-08-2023  15:23:36.976 GetTopVehicle() - Error: File D:\ITS.CT-PH\IMGS\TTP CT-PH Lan 6\110823\20230811092619623_Plate.jpg not found
17-08-2023  15:23:36.976 GetTopVehicle() - Error: File D:\ITS.CT-PH\IMGS\TTP CT-PH Lan 6\110823\20230811092619623_ANPR.jpg not found
17-08-2023  15:23:37.036 GetTopVehicle() - Error: File D:\ITS.CT-PH\IMGS\TTP CT-PH Lan 1\110823\20230811092617498_Plate.jpg not found
17-08-2023  15:23:37.036 GetTopVehicle() - Error: File D:\ITS.CT-PH\IMGS\TTP CT-PH Lan 1\110823\20230811092617498_ANPR.jpg not found
17-08-2023  15:23:37.098 GetTopVehicle() - Error: File D:\ITS.CT-PH\IMGS\TTP CT-PH Lan 1\110823\20230811092617076_Plate.jpg not found
17-08-2023  15:23:37.098 GetTopVehicle() - Error: File D:\ITS.CT-PH\IMGS\TTP CT-PH Lan 1\110823\20230811092617076_ANPR.jpg not found
17-08-2023  15:25:17.390 GetTopVehicle() - Error: File D:\ITS.CT-PH\IMGS\TTP CT-PH Lan 6\110823\20230811093252478_ANPR.jpg not found
17-08-2023  15:25:17.495 GetTopVehicle() - Error: File D:\ITS.CT-PH\IMGS\TTP CT-PH Lan 6\110823\20230811093247631_Plate.jpg not found
17-08-2023  15:25:17.495 GetTopVehicle() - Error: File D:\ITS.CT-PH\IMGS\TTP CT-PH Lan 6\110823\20230811093247631_ANPR.jpg not found
17-08-2023  15:25:17.563 GetTopVehicle() - Error: File D:\ITS.CT-PH\IMGS\TTP CT-PH Lan 1\110823\20230811093245112_Plate.jpg not found
17-08-2023  15:25:17.564 GetTopVehicle() - Error: File D:\ITS.CT-PH\IMGS\TTP CT-PH Lan 1\110823\20230811093245112_ANPR.jpg not found
17-08-2023  15:25:17.634 GetTopVehicle() - Error: File D:\ITS.CT-PH\IMGS\TTP CT-PH Lan 1\110823\20230811093242128_Plate.jpg not found
17-08-2023  15:25:17.634 GetTopVehicle() - Error: File D:\ITS.CT-PH\IMGS\TTP CT-PH Lan 1\110823\20230811093242128_ANPR.jpg not found
17-08-2023  15:25:17.702 GetTopVehicle() - Error: File D:\ITS.CT-PH\IMGS\TTP CT-PH Lan 1\110823\20230811093238957_Plate.jpg not found
17-08-2023  15:25:17.702 GetTopVehicle() - Error: File D:\ITS.CT-PH\IMGS\TTP CT-PH Lan 1\110823\20230811093238957_ANPR.jpg not found
17-08-2023  15:25:17.762 GetTopVehicle() - Error: File D:\ITS.CT-PH\IMGS\TTP CT-PH Lan 6\110823\20230811093221555_Plate.jpg not found
17-08-2023  15:25:17.763 GetTopVehicle() - Error: File D:\ITS.CT-PH\IMGS\TTP CT-PH Lan 6\110823\20230811093221555_ANPR.jpg not found
17-08-2023  15:25:17.828 GetTopVehicle() - Error: File D:\ITS.CT-PH\IMGS\TTP CT-PH Lan 6\110823\20230811093220774_Plate.jpg not found
17-08-2023  15:25:17.828 GetTopVehicle() - Error: File D:\ITS.CT-PH\IMGS\TTP CT-PH Lan 6\110823\20230811093220774_ANPR.jpg not found
17-08-2023  15:25:18.078 GetTopVehicle() - Error: File D:\ITS.CT-PH\IMGS\TTP CT-PH Lan 6\110823\20230811093202501_Plate.jpg not found
17-08-2023  15:25:18.078 GetTopVehicle() - Error: File D:\ITS.CT-PH\IMGS\TTP CT-PH Lan 6\110823\20230811093202501_ANPR.jpg not found
17-08-2023  15:25:18.197 GetTopVehicle() - Error: File D:\ITS.CT-PH\IMGS\TTP CT-PH Lan 6\110823\20230811093155002_Plate.jpg not found
17-08-2023  15:25:18.198 GetTopVehicle() - Error: File D:\ITS.CT-PH\IMGS\TTP CT-PH Lan 6\110823\20230811093155002_ANPR.jpg not found
17-08-2023  15:25:18.275 GetTopVehicle() - Error: File D:\ITS.CT-PH\IMGS\TTP CT-PH Lan 6\110823\20230811093152019_Plate.jpg not found
17-08-2023  15:25:18.275 GetTopVehicle() - Error: File D:\ITS.CT-PH\IMGS\TTP CT-PH Lan 6\110823\20230811093152019_ANPR.jpg not found
17-08-2023  15:25:18.339 GetTopVehicle() - Error: File D:\ITS.CT-PH\IMGS\TTP CT-PH Lan 6\110823\20230811093130797_Plate.jpg not found
17-08-2023  15:25:18.339 GetTopVehicle() - Error: File D:\ITS.CT-PH\IMGS\TTP CT-PH Lan 6\110823\20230811093130797_ANPR.jpg not found
17-08-2023  15:25:18.414 GetTopVehicle() - Error: File D:\ITS.CT-PH\IMGS\TTP CT-PH Lan 6\110823\20230811093114488_Plate.jpg not found
17-08-2023  15:25:18.414 GetTopVehicle() - Error: File D:\ITS.CT-PH\IMGS\TTP CT-PH Lan 6\110823\20230811093114488_ANPR.jpg not found
17-08-2023  15:25:18.479 GetTopVehicle() - Error: File  not found
17-08-2023  15:25:18.479 GetTopVehicle() - Error: File D:\ITS.CT-PH\IMGS\TTP CT-PH Lan 6\110823\20230811093111988_ANPR.jpg not found
17-08-2023  15:25:18.677 GetTopVehicle() - Error: File D:\ITS.CT-PH\IMGS\TTP CT-PH Lan 1\110823\20230811093110408_Plate.jpg not found
17-08-2023  15:25:18.677 GetTopVehicle() - Error: File D:\ITS.CT-PH\IMGS\TTP CT-PH Lan 1\110823\20230811093110408_ANPR.jpg not found
17-08-2023  15:25:18.738 GetTopVehicle() - Error: File D:\ITS.CT-PH\IMGS\TTP CT-PH Lan 6\110823\20230811093106221_Plate.jpg not found
17-08-2023  15:25:18.738 GetTopVehicle() - Error: File D:\ITS.CT-PH\IMGS\TTP CT-PH Lan 6\110823\20230811093106221_ANPR.jpg not found
17-08-2023  15:25:18.808 GetTopVehicle() - Error: File D:\ITS.CT-PH\IMGS\TTP CT-PH Lan 1\110823\20230811093102191_Plate.jpg not found
17-08-2023  15:25:18.808 GetTopVehicle() - Error: File D:\ITS.CT-PH\IMGS\TTP CT-PH Lan 1\110823\20230811093102191_ANPR.jpg not found
17-08-2023  15:25:18.870 GetTopVehicle() - Error: File D:\ITS.CT-PH\IMGS\TTP CT-PH Lan 6\110823\20230811093044441_Plate.jpg not found
17-08-2023  15:25:18.870 GetTopVehicle() - Error: File D:\ITS.CT-PH\IMGS\TTP CT-PH Lan 6\110823\20230811093044441_ANPR.jpg not found
17-08-2023  15:25:18.931 GetTopVehicle() - Error: File D:\ITS.CT-PH\IMGS\TTP CT-PH Lan 6\110823\20230811093027192_Plate.jpg not found
17-08-2023  15:25:18.931 GetTopVehicle() - Error: File D:\ITS.CT-PH\IMGS\TTP CT-PH Lan 6\110823\20230811093027192_ANPR.jpg not found
17-08-2023  15:25:18.993 GetTopVehicle() - Error: File D:\ITS.CT-PH\IMGS\TTP CT-PH Lan 1\110823\20230811093018116_Plate.jpg not found
17-08-2023  15:25:18.994 GetTopVehicle() - Error: File D:\ITS.CT-PH\IMGS\TTP CT-PH Lan 1\110823\20230811093018116_ANPR.jpg not found
17-08-2023  15:25:19.053 GetTopVehicle() - Error: File D:\ITS.CT-PH\IMGS\TTP CT-PH Lan 6\110823\20230811093018085_Plate.jpg not found
17-08-2023  15:25:19.054 GetTopVehicle() - Error: File D:\ITS.CT-PH\IMGS\TTP CT-PH Lan 6\110823\20230811093018085_ANPR.jpg not found
17-08-2023  15:25:19.114 GetTopVehicle() - Error: File D:\ITS.CT-PH\IMGS\TTP CT-PH Lan 1\110823\20230811093013327_Plate.jpg not found
17-08-2023  15:25:19.115 GetTopVehicle() - Error: File D:\ITS.CT-PH\IMGS\TTP CT-PH Lan 1\110823\20230811093013327_ANPR.jpg not found
17-08-2023  15:25:19.175 GetTopVehicle() - Error: File D:\ITS.CT-PH\IMGS\TTP CT-PH Lan 1\110823\20230811093011398_Plate.jpg not found
17-08-2023  15:25:19.175 GetTopVehicle() - Error: File D:\ITS.CT-PH\IMGS\TTP CT-PH Lan 1\110823\20230811093011398_ANPR.jpg not found
17-08-2023  15:25:19.233 GetTopVehicle() - Error: File D:\ITS.CT-PH\IMGS\TTP CT-PH Lan 1\110823\20230811093006805_Plate.jpg not found
17-08-2023  15:25:19.234 GetTopVehicle() - Error: File D:\ITS.CT-PH\IMGS\TTP CT-PH Lan 1\110823\20230811093006821_ANPR.jpg not found
17-08-2023  15:25:19.308 GetTopVehicle() - Error: File D:\ITS.CT-PH\IMGS\TTP CT-PH Lan 6\110823\20230811093004321_Plate.jpg not found
17-08-2023  15:25:19.308 GetTopVehicle() - Error: File D:\ITS.CT-PH\IMGS\TTP CT-PH Lan 6\110823\20230811093004321_ANPR.jpg not found
17-08-2023  15:25:19.382 GetTopVehicle() - Error: File  not found
17-08-2023  15:25:19.382 GetTopVehicle() - Error: File D:\ITS.CT-PH\IMGS\TTP CT-PH Lan 6\110823\20230811093003072_ANPR.jpg not found
17-08-2023  15:25:19.440 GetTopVehicle() - Error: File D:\ITS.CT-PH\IMGS\TTP CT-PH Lan 1\110823\20230811092957760_Plate.jpg not found
17-08-2023  15:25:19.441 GetTopVehicle() - Error: File D:\ITS.CT-PH\IMGS\TTP CT-PH Lan 1\110823\20230811092957760_ANPR.jpg not found
17-08-2023  15:25:19.500 GetTopVehicle() - Error: File D:\ITS.CT-PH\IMGS\TTP CT-PH Lan 6\110823\20230811092953652_Plate.jpg not found
17-08-2023  15:25:19.501 GetTopVehicle() - Error: File D:\ITS.CT-PH\IMGS\TTP CT-PH Lan 6\110823\20230811092953652_ANPR.jpg not found
17-08-2023  15:25:19.562 GetTopVehicle() - Error: File D:\ITS.CT-PH\IMGS\TTP CT-PH Lan 6\110823\20230811092951152_Plate.jpg not found
17-08-2023  15:25:19.562 GetTopVehicle() - Error: File D:\ITS.CT-PH\IMGS\TTP CT-PH Lan 6\110823\20230811092951152_ANPR.jpg not found
17-08-2023  15:25:19.623 GetTopVehicle() - Error: File D:\ITS.CT-PH\IMGS\TTP CT-PH Lan 1\110823\20230811092944915_Plate.jpg not found
17-08-2023  15:25:19.623 GetTopVehicle() - Error: File D:\ITS.CT-PH\IMGS\TTP CT-PH Lan 1\110823\20230811092944915_ANPR.jpg not found
17-08-2023  15:25:19.691 GetTopVehicle() - Error: File D:\ITS.CT-PH\IMGS\TTP CT-PH Lan 1\110823\20230811092936826_Plate.jpg not found
17-08-2023  15:25:19.692 GetTopVehicle() - Error: File D:\ITS.CT-PH\IMGS\TTP CT-PH Lan 1\110823\20230811092936826_ANPR.jpg not found
17-08-2023  15:25:19.770 GetTopVehicle() - Error: File D:\ITS.CT-PH\IMGS\TTP CT-PH Lan 1\110823\20230811092910167_Plate.jpg not found
17-08-2023  15:25:19.770 GetTopVehicle() - Error: File D:\ITS.CT-PH\IMGS\TTP CT-PH Lan 1\110823\20230811092910167_ANPR.jpg not found
17-08-2023  15:25:19.863 GetTopVehicle() - Error: File D:\ITS.CT-PH\IMGS\TTP CT-PH Lan 1\110823\20230811092900886_Plate.jpg not found
17-08-2023  15:25:19.863 GetTopVehicle() - Error: File D:\ITS.CT-PH\IMGS\TTP CT-PH Lan 1\110823\20230811092900886_ANPR.jpg not found
17-08-2023  15:25:19.951 GetTopVehicle() - Error: File D:\ITS.CT-PH\IMGS\TTP CT-PH Lan 1\110823\20230811092855304_Plate.jpg not found
17-08-2023  15:25:19.952 GetTopVehicle() - Error: File D:\ITS.CT-PH\IMGS\TTP CT-PH Lan 1\110823\20230811092855304_ANPR.jpg not found
17-08-2023  15:25:20.011 GetTopVehicle() - Error: File D:\ITS.CT-PH\IMGS\TTP CT-PH Lan 1\110823\20230811092850789_Plate.jpg not found
17-08-2023  15:25:20.012 GetTopVehicle() - Error: File D:\ITS.CT-PH\IMGS\TTP CT-PH Lan 1\110823\20230811092850789_ANPR.jpg not found
17-08-2023  15:25:20.068 GetTopVehicle() - Error: File D:\ITS.CT-PH\IMGS\TTP CT-PH Lan 6\110823\20230811092848992_Plate.jpg not found
17-08-2023  15:25:20.068 GetTopVehicle() - Error: File D:\ITS.CT-PH\IMGS\TTP CT-PH Lan 6\110823\20230811092848992_ANPR.jpg not found
17-08-2023  15:25:20.128 GetTopVehicle() - Error: File D:\ITS.CT-PH\IMGS\TTP CT-PH Lan 1\110823\20230811092848367_Plate.jpg not found
17-08-2023  15:25:20.128 GetTopVehicle() - Error: File D:\ITS.CT-PH\IMGS\TTP CT-PH Lan 1\110823\20230811092848367_ANPR.jpg not found
17-08-2023  15:25:20.191 GetTopVehicle() - Error: File D:\ITS.CT-PH\IMGS\TTP CT-PH Lan 1\110823\20230811092846868_Plate.jpg not found
17-08-2023  15:25:20.192 GetTopVehicle() - Error: File D:\ITS.CT-PH\IMGS\TTP CT-PH Lan 1\110823\20230811092846868_ANPR.jpg not found
17-08-2023  15:25:20.252 GetTopVehicle() - Error: File D:\ITS.CT-PH\IMGS\TTP CT-PH Lan 6\110823\20230811092844581_Plate.jpg not found
17-08-2023  15:25:20.252 GetTopVehicle() - Error: File D:\ITS.CT-PH\IMGS\TTP CT-PH Lan 6\110823\20230811092844581_ANPR.jpg not found
17-08-2023  15:25:20.337 GetTopVehicle() - Error: File D:\ITS.CT-PH\IMGS\TTP CT-PH Lan 6\110823\20230811092738047_Plate.jpg not found
17-08-2023  15:25:20.337 GetTopVehicle() - Error: File D:\ITS.CT-PH\IMGS\TTP CT-PH Lan 6\110823\20230811092738047_ANPR.jpg not found
17-08-2023  15:25:20.400 GetTopVehicle() - Error: File D:\ITS.CT-PH\IMGS\TTP CT-PH Lan 1\110823\20230811092718114_Plate.jpg not found
17-08-2023  15:25:20.400 GetTopVehicle() - Error: File D:\ITS.CT-PH\IMGS\TTP CT-PH Lan 1\110823\20230811092718114_ANPR.jpg not found
17-08-2023  15:25:20.466 GetTopVehicle() - Error: File D:\ITS.CT-PH\IMGS\TTP CT-PH Lan 1\110823\20230811092714060_Plate.jpg not found
17-08-2023  15:25:20.466 GetTopVehicle() - Error: File D:\ITS.CT-PH\IMGS\TTP CT-PH Lan 1\110823\20230811092714060_ANPR.jpg not found
17-08-2023  15:25:20.526 GetTopVehicle() - Error: File D:\ITS.CT-PH\IMGS\TTP CT-PH Lan 1\110823\20230811092708572_Plate.jpg not found
17-08-2023  15:25:20.526 GetTopVehicle() - Error: File D:\ITS.CT-PH\IMGS\TTP CT-PH Lan 1\110823\20230811092708572_ANPR.jpg not found
17-08-2023  15:25:20.595 GetTopVehicle() - Error: File D:\ITS.CT-PH\IMGS\TTP CT-PH Lan 6\110823\20230811092655802_ANPR.jpg not found
17-08-2023  15:25:20.654 GetTopVehicle() - Error: File D:\ITS.CT-PH\IMGS\TTP CT-PH Lan 1\110823\20230811092634558_Plate.jpg not found
17-08-2023  15:25:20.654 GetTopVehicle() - Error: File D:\ITS.CT-PH\IMGS\TTP CT-PH Lan 1\110823\20230811092634558_ANPR.jpg not found
17-08-2023  15:25:20.725 GetTopVehicle() - Error: File D:\ITS.CT-PH\IMGS\TTP CT-PH Lan 6\110823\20230811092625199_Plate.jpg not found
17-08-2023  15:25:20.725 GetTopVehicle() - Error: File D:\ITS.CT-PH\IMGS\TTP CT-PH Lan 6\110823\20230811092625199_ANPR.jpg not found
17-08-2023  15:25:20.784 GetTopVehicle() - Error: File D:\ITS.CT-PH\IMGS\TTP CT-PH Lan 1\110823\20230811092621872_Plate.jpg not found
17-08-2023  15:25:20.784 GetTopVehicle() - Error: File D:\ITS.CT-PH\IMGS\TTP CT-PH Lan 1\110823\20230811092621872_ANPR.jpg not found
17-08-2023  15:25:20.844 GetTopVehicle() - Error: File  not found
17-08-2023  15:25:20.844 GetTopVehicle() - Error: File D:\ITS.CT-PH\IMGS\TTP CT-PH Lan 6\110823\20230811092621794_ANPR.jpg not found
17-08-2023  15:25:20.907 GetTopVehicle() - Error: File D:\ITS.CT-PH\IMGS\TTP CT-PH Lan 6\110823\20230811092619623_Plate.jpg not found
17-08-2023  15:25:20.908 GetTopVehicle() - Error: File D:\ITS.CT-PH\IMGS\TTP CT-PH Lan 6\110823\20230811092619623_ANPR.jpg not found
17-08-2023  15:25:20.969 GetTopVehicle() - Error: File D:\ITS.CT-PH\IMGS\TTP CT-PH Lan 1\110823\20230811092617498_Plate.jpg not found
17-08-2023  15:25:20.969 GetTopVehicle() - Error: File D:\ITS.CT-PH\IMGS\TTP CT-PH Lan 1\110823\20230811092617498_ANPR.jpg not found
17-08-2023  15:25:21.042 GetTopVehicle() - Error: File D:\ITS.CT-PH\IMGS\TTP CT-PH Lan 1\110823\20230811092617076_Plate.jpg not found
17-08-2023  15:25:21.042 GetTopVehicle() - Error: File D:\ITS.CT-PH\IMGS\TTP CT-PH Lan 1\110823\20230811092617076_ANPR.jpg not found
